
> Task :ruoyi-framework:dependencies

------------------------------------------------------------
Project :ruoyi-framework
------------------------------------------------------------

annotationProcessor - Annotation processors and their dependencies for source set 'main'.
\--- org.projectlombok:lombok:1.18.12

apiElements - API elements for main. (n)
No dependencies

archives - Configuration for archive artifacts. (n)
No dependencies

compileClasspath - Compile classpath for source set 'main'.
+--- org.projectlombok:lombok:1.18.12 -> 1.18.16
+--- project :ruoyi-system
|    \--- project :ruoyi-common
+--- org.springframework.boot:spring-boot-dependencies -> 2.2.12.RELEASE
|    +--- org.springframework.boot:spring-boot-starter:2.2.12.RELEASE -> 2.3.1.RELEASE (c)
|    +--- org.springframework.boot:spring-boot-starter-aop:2.2.12.RELEASE (c)
|    +--- org.springframework.boot:spring-boot-starter-web:2.2.12.RELEASE (c)
|    +--- net.java.dev.jna:jna:4.5.2 -> 5.6.0 (c)
|    +--- net.java.dev.jna:jna-platform:4.5.2 -> 5.6.0 (c)
|    +--- org.apache.commons:commons-lang3:3.9 (c)
|    +--- org.projectlombok:lombok:1.18.16 (c)
|    +--- org.slf4j:slf4j-api:1.7.30 (c)
|    +--- org.springframework.boot:spring-boot-autoconfigure:2.2.12.RELEASE -> 2.3.1.RELEASE (c)
|    +--- javax.servlet:javax.servlet-api:4.0.1 (c)
|    +--- com.fasterxml:classmate:1.5.1 (c)
|    +--- org.springframework:spring-aop:5.2.12.RELEASE (c)
|    +--- org.aspectj:aspectjweaver:1.9.6 (c)
|    +--- org.springframework.boot:spring-boot-starter-json:2.2.12.RELEASE (c)
|    +--- org.springframework.boot:spring-boot-starter-tomcat:2.2.12.RELEASE (c)
|    +--- org.springframework.boot:spring-boot-starter-validation:2.2.12.RELEASE (c)
|    +--- org.springframework:spring-web:5.2.12.RELEASE (c)
|    +--- org.springframework:spring-webmvc:5.2.12.RELEASE (c)
|    +--- org.springframework.boot:spring-boot:2.2.12.RELEASE -> 2.3.1.RELEASE (c)
|    +--- org.springframework.boot:spring-boot-starter-logging:2.2.12.RELEASE -> 2.3.1.RELEASE (c)
|    +--- jakarta.annotation:jakarta.annotation-api:1.3.5 (c)
|    +--- org.springframework:spring-core:5.2.12.RELEASE (c)
|    +--- org.yaml:snakeyaml:1.25 (c)
|    +--- org.springframework.boot:spring-boot-starter-jdbc:2.2.12.RELEASE -> 2.3.0.RELEASE (c)
|    +--- commons-codec:commons-codec:1.13 (c)
|    +--- org.springframework:spring-beans:5.2.12.RELEASE (c)
|    +--- org.springframework:spring-context:5.2.12.RELEASE (c)
|    +--- com.fasterxml.jackson.core:jackson-databind:2.10.5.1 (c)
|    +--- com.fasterxml.jackson.datatype:jackson-datatype-jdk8:2.10.5 (c)
|    +--- com.fasterxml.jackson.datatype:jackson-datatype-jsr310:2.10.5 (c)
|    +--- com.fasterxml.jackson.module:jackson-module-parameter-names:2.10.5 (c)
|    +--- org.apache.tomcat.embed:tomcat-embed-core:9.0.41 (c)
|    +--- org.apache.tomcat.embed:tomcat-embed-el:9.0.41 (c)
|    +--- org.apache.tomcat.embed:tomcat-embed-websocket:9.0.41 (c)
|    +--- jakarta.validation:jakarta.validation-api:2.0.2 (c)
|    +--- org.hibernate.validator:hibernate-validator:6.0.21.Final (c)
|    +--- org.springframework:spring-expression:5.2.12.RELEASE (c)
|    +--- ch.qos.logback:logback-classic:1.2.3 (c)
|    +--- org.apache.logging.log4j:log4j-to-slf4j:2.12.1 (c)
|    +--- org.slf4j:jul-to-slf4j:1.7.30 (c)
|    +--- org.springframework:spring-jcl:5.2.12.RELEASE (c)
|    +--- com.zaxxer:HikariCP:3.4.5 (c)
|    +--- org.springframework:spring-jdbc:5.2.12.RELEASE (c)
|    +--- net.bytebuddy:byte-buddy:1.10.18 (c)
|    +--- com.fasterxml.jackson.core:jackson-annotations:2.10.5 (c)
|    +--- com.fasterxml.jackson.core:jackson-core:2.10.5 (c)
|    +--- org.jboss.logging:jboss-logging:3.4.1.Final (c)
|    +--- org.apache.tomcat:tomcat-annotations-api:9.0.41 (c)
|    +--- ch.qos.logback:logback-core:1.2.3 (c)
|    +--- org.apache.logging.log4j:log4j-api:2.12.1 (c)
|    \--- org.springframework:spring-tx:5.2.12.RELEASE (c)
+--- org.springframework.boot:spring-boot-starter -> 2.3.1.RELEASE
|    +--- org.springframework.boot:spring-boot-dependencies:2.3.1.RELEASE -> 2.2.12.RELEASE (*)
|    +--- org.springframework.boot:spring-boot:2.3.1.RELEASE
|    |    +--- org.springframework.boot:spring-boot-dependencies:2.3.1.RELEASE -> 2.2.12.RELEASE (*)
|    |    +--- org.springframework:spring-core -> 5.2.12.RELEASE
|    |    |    \--- org.springframework:spring-jcl:5.2.12.RELEASE
|    |    \--- org.springframework:spring-context -> 5.2.12.RELEASE
|    |         +--- org.springframework:spring-aop:5.2.12.RELEASE
|    |         |    +--- org.springframework:spring-beans:5.2.12.RELEASE
|    |         |    |    \--- org.springframework:spring-core:5.2.12.RELEASE (*)
|    |         |    \--- org.springframework:spring-core:5.2.12.RELEASE (*)
|    |         +--- org.springframework:spring-beans:5.2.12.RELEASE (*)
|    |         +--- org.springframework:spring-core:5.2.12.RELEASE (*)
|    |         \--- org.springframework:spring-expression:5.2.12.RELEASE
|    |              \--- org.springframework:spring-core:5.2.12.RELEASE (*)
|    +--- org.springframework.boot:spring-boot-autoconfigure:2.3.1.RELEASE
|    |    +--- org.springframework.boot:spring-boot:2.3.1.RELEASE (*)
|    |    \--- org.springframework.boot:spring-boot-dependencies:2.3.1.RELEASE -> 2.2.12.RELEASE (*)
|    +--- org.springframework.boot:spring-boot-starter-logging:2.3.1.RELEASE
|    |    +--- org.springframework.boot:spring-boot-dependencies:2.3.1.RELEASE -> 2.2.12.RELEASE (*)
|    |    +--- ch.qos.logback:logback-classic -> 1.2.3
|    |    |    +--- ch.qos.logback:logback-core:1.2.3
|    |    |    \--- org.slf4j:slf4j-api:1.7.25 -> 1.7.30
|    |    +--- org.apache.logging.log4j:log4j-to-slf4j -> 2.12.1
|    |    |    +--- org.slf4j:slf4j-api:1.7.25 -> 1.7.30
|    |    |    \--- org.apache.logging.log4j:log4j-api:2.12.1
|    |    \--- org.slf4j:jul-to-slf4j -> 1.7.30
|    |         \--- org.slf4j:slf4j-api:1.7.30
|    +--- jakarta.annotation:jakarta.annotation-api -> 1.3.5
|    +--- org.springframework:spring-core -> 5.2.12.RELEASE (*)
|    \--- org.yaml:snakeyaml -> 1.25
+--- com.alibaba:druid-spring-boot-starter:1.2.2
|    +--- com.alibaba:druid:1.2.2
|    +--- org.slf4j:slf4j-api:1.7.25 -> 1.7.30
|    \--- org.springframework.boot:spring-boot-autoconfigure:1.5.12.RELEASE -> 2.3.1.RELEASE (*)
+--- com.github.penggle:kaptcha:2.3.2
|    +--- javax.servlet:javax.servlet-api:3.1.0 -> 4.0.1
|    \--- com.jhlabs:filters:2.0.235-1
+--- org.apache.shiro:shiro-core:1.7.0
|    +--- org.apache.shiro:shiro-lang:1.7.0
|    |    \--- org.slf4j:slf4j-api:1.7.26 -> 1.7.30
|    +--- org.apache.shiro:shiro-cache:1.7.0
|    |    \--- org.apache.shiro:shiro-lang:1.7.0 (*)
|    +--- org.apache.shiro:shiro-crypto-hash:1.7.0
|    |    +--- org.apache.shiro:shiro-lang:1.7.0 (*)
|    |    \--- org.apache.shiro:shiro-crypto-core:1.7.0
|    |         \--- org.apache.shiro:shiro-lang:1.7.0 (*)
|    +--- org.apache.shiro:shiro-crypto-cipher:1.7.0
|    |    +--- org.apache.shiro:shiro-lang:1.7.0 (*)
|    |    \--- org.apache.shiro:shiro-crypto-core:1.7.0 (*)
|    +--- org.apache.shiro:shiro-config-core:1.7.0
|    |    \--- org.apache.shiro:shiro-lang:1.7.0 (*)
|    +--- org.apache.shiro:shiro-config-ogdl:1.7.0
|    |    +--- org.apache.shiro:shiro-lang:1.7.0 (*)
|    |    +--- org.apache.shiro:shiro-config-core:1.7.0 (*)
|    |    +--- org.apache.shiro:shiro-event:1.7.0
|    |    |    \--- org.apache.shiro:shiro-lang:1.7.0 (*)
|    |    +--- commons-beanutils:commons-beanutils:1.9.4
|    |    |    \--- commons-collections:commons-collections:3.2.2
|    |    \--- org.slf4j:slf4j-api:1.7.26 -> 1.7.30
|    \--- org.apache.shiro:shiro-event:1.7.0 (*)
+--- org.apache.shiro:shiro-spring:1.7.0
|    +--- org.apache.shiro:shiro-core:1.7.0 (*)
|    \--- org.apache.shiro:shiro-web:1.7.0
|         +--- org.apache.shiro:shiro-core:1.7.0 (*)
|         \--- org.owasp.encoder:encoder:1.2.2
+--- org.apache.shiro:shiro-ehcache:1.7.0
|    +--- org.apache.shiro:shiro-cache:1.7.0 (*)
|    \--- net.sf.ehcache:ehcache-core:2.6.11
|         \--- org.slf4j:slf4j-api:1.6.1 -> 1.7.30
+--- com.github.theborakompanioni:thymeleaf-extras-shiro:2.0.0
+--- eu.bitwalker:UserAgentUtils:1.21
+--- com.github.pagehelper:pagehelper-spring-boot-starter:1.3.0
|    +--- org.springframework.boot:spring-boot-starter:2.3.1.RELEASE (*)
|    +--- org.mybatis.spring.boot:mybatis-spring-boot-starter:2.1.3
|    |    +--- org.springframework.boot:spring-boot-starter:2.3.0.RELEASE -> 2.3.1.RELEASE (*)
|    |    +--- org.springframework.boot:spring-boot-starter-jdbc:2.3.0.RELEASE
|    |    |    +--- org.springframework.boot:spring-boot-dependencies:2.3.0.RELEASE -> 2.2.12.RELEASE (*)
|    |    |    +--- org.springframework.boot:spring-boot-starter:2.3.0.RELEASE -> 2.3.1.RELEASE (*)
|    |    |    +--- com.zaxxer:HikariCP -> 3.4.5
|    |    |    |    \--- org.slf4j:slf4j-api:1.7.25 -> 1.7.30
|    |    |    \--- org.springframework:spring-jdbc -> 5.2.12.RELEASE
|    |    |         +--- org.springframework:spring-beans:5.2.12.RELEASE (*)
|    |    |         +--- org.springframework:spring-core:5.2.12.RELEASE (*)
|    |    |         \--- org.springframework:spring-tx:5.2.12.RELEASE
|    |    |              +--- org.springframework:spring-beans:5.2.12.RELEASE (*)
|    |    |              \--- org.springframework:spring-core:5.2.12.RELEASE (*)
|    |    +--- org.mybatis.spring.boot:mybatis-spring-boot-autoconfigure:2.1.3
|    |    |    \--- org.springframework.boot:spring-boot-autoconfigure:2.3.0.RELEASE -> 2.3.1.RELEASE (*)
|    |    +--- org.mybatis:mybatis:3.5.5
|    |    \--- org.mybatis:mybatis-spring:2.0.5
|    +--- com.github.pagehelper:pagehelper-spring-boot-autoconfigure:1.3.0
|    |    \--- org.springframework.boot:spring-boot-autoconfigure:2.3.1.RELEASE (*)
|    \--- com.github.pagehelper:pagehelper:5.2.0
|         \--- com.github.jsqlparser:jsqlparser:3.2
+--- com.github.oshi:oshi-core:5.3.6
|    +--- net.java.dev.jna:jna:5.6.0
|    +--- net.java.dev.jna:jna-platform:5.6.0
|    |    \--- net.java.dev.jna:jna:5.6.0
|    \--- org.slf4j:slf4j-api:1.7.30
+--- net.java.dev.jna:jna -> 5.6.0
+--- net.java.dev.jna:jna-platform -> 5.6.0 (*)
+--- commons-io:commons-io:2.5
+--- commons-fileupload:commons-fileupload:1.3.3
|    \--- commons-io:commons-io:2.2 -> 2.5
+--- org.apache.poi:poi-ooxml:4.1.2
|    +--- org.apache.poi:poi:4.1.2
|    |    +--- commons-codec:commons-codec:1.13
|    |    +--- org.apache.commons:commons-collections4:4.4
|    |    +--- org.apache.commons:commons-math3:3.6.1
|    |    \--- com.zaxxer:SparseBitSet:1.2
|    +--- org.apache.poi:poi-ooxml-schemas:4.1.2
|    |    \--- org.apache.xmlbeans:xmlbeans:3.1.0
|    +--- org.apache.commons:commons-compress:1.19
|    \--- com.github.virtuald:curvesapi:1.06
+--- org.apache.velocity:velocity:1.7
|    +--- commons-collections:commons-collections:3.2.1 -> 3.2.2
|    \--- commons-lang:commons-lang:2.4
+--- com.alibaba:fastjson:1.2.74
+--- io.springfox:springfox-swagger2:2.9.2
|    +--- io.springfox:springfox-spi:2.9.2
|    |    \--- io.springfox:springfox-core:2.9.2
|    |         +--- net.bytebuddy:byte-buddy:1.8.12 -> 1.10.18
|    |         +--- com.google.guava:guava:20.0
|    |         +--- com.fasterxml:classmate:1.4.0 -> 1.5.1
|    |         +--- org.slf4j:slf4j-api:1.7.25 -> 1.7.30
|    |         +--- org.springframework.plugin:spring-plugin-core:1.2.0.RELEASE
|    |         |    +--- org.springframework:spring-beans:4.0.9.RELEASE -> 5.2.12.RELEASE (*)
|    |         |    +--- org.springframework:spring-context:4.0.9.RELEASE -> 5.2.12.RELEASE (*)
|    |         |    +--- org.springframework:spring-aop:4.0.9.RELEASE -> 5.2.12.RELEASE (*)
|    |         |    \--- org.slf4j:slf4j-api:1.7.10 -> 1.7.30
|    |         \--- org.springframework.plugin:spring-plugin-metadata:1.2.0.RELEASE
|    |              +--- org.springframework.plugin:spring-plugin-core:1.2.0.RELEASE (*)
|    |              \--- org.slf4j:slf4j-api:1.7.10 -> 1.7.30
|    +--- io.springfox:springfox-schema:2.9.2
|    |    +--- io.springfox:springfox-core:2.9.2 (*)
|    |    \--- io.springfox:springfox-spi:2.9.2 (*)
|    +--- io.springfox:springfox-swagger-common:2.9.2
|    |    +--- io.springfox:springfox-spi:2.9.2 (*)
|    |    +--- io.springfox:springfox-schema:2.9.2 (*)
|    |    +--- io.springfox:springfox-spring-web:2.9.2
|    |    |    +--- com.google.guava:guava:20.0
|    |    |    +--- com.fasterxml:classmate:1.4.0 -> 1.5.1
|    |    |    +--- org.slf4j:slf4j-api:1.7.25 -> 1.7.30
|    |    |    +--- org.springframework.plugin:spring-plugin-core:1.2.0.RELEASE (*)
|    |    |    +--- org.springframework.plugin:spring-plugin-metadata:1.2.0.RELEASE (*)
|    |    |    \--- io.springfox:springfox-spi:2.9.2 (*)
|    |    +--- com.google.guava:guava:20.0
|    |    +--- com.fasterxml:classmate:1.4.0 -> 1.5.1
|    |    +--- org.slf4j:slf4j-api:1.7.25 -> 1.7.30
|    |    +--- org.springframework.plugin:spring-plugin-core:1.2.0.RELEASE (*)
|    |    \--- org.springframework.plugin:spring-plugin-metadata:1.2.0.RELEASE (*)
|    +--- io.springfox:springfox-spring-web:2.9.2 (*)
|    +--- com.google.guava:guava:20.0
|    +--- com.fasterxml:classmate:1.4.0 -> 1.5.1
|    +--- org.slf4j:slf4j-api:1.7.25 -> 1.7.30
|    +--- org.springframework.plugin:spring-plugin-core:1.2.0.RELEASE (*)
|    +--- org.springframework.plugin:spring-plugin-metadata:1.2.0.RELEASE (*)
|    \--- org.mapstruct:mapstruct:1.2.0.Final
+--- io.springfox:springfox-swagger-ui:2.9.2
|    \--- io.springfox:springfox-spring-web:2.9.2 (*)
+--- org.apache.commons:commons-lang3 -> 3.9
+--- org.springframework.boot:spring-boot-starter-web -> 2.2.12.RELEASE
|    +--- org.springframework.boot:spring-boot-starter:2.2.12.RELEASE -> 2.3.1.RELEASE (*)
|    +--- org.springframework.boot:spring-boot-starter-json:2.2.12.RELEASE
|    |    +--- org.springframework.boot:spring-boot-starter:2.2.12.RELEASE -> 2.3.1.RELEASE (*)
|    |    +--- org.springframework:spring-web:5.2.12.RELEASE
|    |    |    +--- org.springframework:spring-beans:5.2.12.RELEASE (*)
|    |    |    \--- org.springframework:spring-core:5.2.12.RELEASE (*)
|    |    +--- com.fasterxml.jackson.core:jackson-databind:2.10.5.1
|    |    |    +--- com.fasterxml.jackson.core:jackson-annotations:2.10.5
|    |    |    \--- com.fasterxml.jackson.core:jackson-core:2.10.5
|    |    +--- com.fasterxml.jackson.datatype:jackson-datatype-jdk8:2.10.5
|    |    |    +--- com.fasterxml.jackson.core:jackson-core:2.10.5
|    |    |    \--- com.fasterxml.jackson.core:jackson-databind:2.10.5 -> 2.10.5.1 (*)
|    |    +--- com.fasterxml.jackson.datatype:jackson-datatype-jsr310:2.10.5
|    |    |    +--- com.fasterxml.jackson.core:jackson-annotations:2.10.5
|    |    |    +--- com.fasterxml.jackson.core:jackson-core:2.10.5
|    |    |    \--- com.fasterxml.jackson.core:jackson-databind:2.10.5 -> 2.10.5.1 (*)
|    |    \--- com.fasterxml.jackson.module:jackson-module-parameter-names:2.10.5
|    |         +--- com.fasterxml.jackson.core:jackson-core:2.10.5
|    |         \--- com.fasterxml.jackson.core:jackson-databind:2.10.5 -> 2.10.5.1 (*)
|    +--- org.springframework.boot:spring-boot-starter-tomcat:2.2.12.RELEASE
|    |    +--- jakarta.annotation:jakarta.annotation-api:1.3.5
|    |    +--- org.apache.tomcat.embed:tomcat-embed-core:9.0.41
|    |    |    \--- org.apache.tomcat:tomcat-annotations-api:9.0.41
|    |    +--- org.apache.tomcat.embed:tomcat-embed-el:9.0.41
|    |    \--- org.apache.tomcat.embed:tomcat-embed-websocket:9.0.41
|    |         \--- org.apache.tomcat.embed:tomcat-embed-core:9.0.41 (*)
|    +--- org.springframework.boot:spring-boot-starter-validation:2.2.12.RELEASE
|    |    +--- org.springframework.boot:spring-boot-starter:2.2.12.RELEASE -> 2.3.1.RELEASE (*)
|    |    +--- jakarta.validation:jakarta.validation-api:2.0.2
|    |    \--- org.hibernate.validator:hibernate-validator:6.0.21.Final
|    |         +--- org.jboss.logging:jboss-logging:3.3.2.Final -> 3.4.1.Final
|    |         \--- com.fasterxml:classmate:1.3.4 -> 1.5.1
|    +--- org.springframework:spring-web:5.2.12.RELEASE (*)
|    \--- org.springframework:spring-webmvc:5.2.12.RELEASE
|         +--- org.springframework:spring-aop:5.2.12.RELEASE (*)
|         +--- org.springframework:spring-beans:5.2.12.RELEASE (*)
|         +--- org.springframework:spring-context:5.2.12.RELEASE (*)
|         +--- org.springframework:spring-core:5.2.12.RELEASE (*)
|         +--- org.springframework:spring-expression:5.2.12.RELEASE (*)
|         \--- org.springframework:spring-web:5.2.12.RELEASE (*)
+--- org.springframework.boot:spring-boot-starter-aop -> 2.2.12.RELEASE
|    +--- org.springframework.boot:spring-boot-starter:2.2.12.RELEASE -> 2.3.1.RELEASE (*)
|    +--- org.springframework:spring-aop:5.2.12.RELEASE (*)
|    \--- org.aspectj:aspectjweaver:1.9.6
+--- com.alibaba:druid-spring-boot-starter -> 1.2.2 (*)
+--- com.github.penggle:kaptcha -> 2.3.2 (*)
+--- org.apache.shiro:shiro-spring -> 1.7.0 (*)
+--- com.github.theborakompanioni:thymeleaf-extras-shiro -> 2.0.0
+--- eu.bitwalker:UserAgentUtils -> 1.21
+--- com.github.oshi:oshi-core -> 5.3.6 (*)
\--- org.springframework.boot:spring-boot-dependencies:2.2.12.RELEASE (c)

compileOnly - Compile only dependencies for source set 'main'. (n)
\--- org.projectlombok:lombok:1.18.12 (n)

default - Configuration for default artifacts. (n)
No dependencies

developmentOnly
No dependencies

implementation - Implementation only dependencies for source set 'main'. (n)
+--- org.springframework.boot:spring-boot-dependencies (n)
+--- org.springframework.boot:spring-boot-starter (n)
+--- com.alibaba:druid-spring-boot-starter:1.2.2 (n)
+--- com.github.penggle:kaptcha:2.3.2 (n)
+--- org.apache.shiro:shiro-core:1.7.0 (n)
+--- org.apache.shiro:shiro-spring:1.7.0 (n)
+--- org.apache.shiro:shiro-ehcache:1.7.0 (n)
+--- com.github.theborakompanioni:thymeleaf-extras-shiro:2.0.0 (n)
+--- eu.bitwalker:UserAgentUtils:1.21 (n)
+--- com.github.pagehelper:pagehelper-spring-boot-starter:1.3.0 (n)
+--- com.github.oshi:oshi-core:5.3.6 (n)
+--- net.java.dev.jna:jna (n)
+--- net.java.dev.jna:jna-platform (n)
+--- commons-io:commons-io:2.5 (n)
+--- commons-fileupload:commons-fileupload:1.3.3 (n)
+--- org.apache.poi:poi-ooxml:4.1.2 (n)
+--- org.apache.velocity:velocity:1.7 (n)
+--- com.alibaba:fastjson:1.2.74 (n)
+--- io.springfox:springfox-swagger2:2.9.2 (n)
+--- io.springfox:springfox-swagger-ui:2.9.2 (n)
+--- org.apache.commons:commons-lang3 (n)
+--- org.springframework.boot:spring-boot-starter-web (n)
+--- org.springframework.boot:spring-boot-starter-aop (n)
+--- com.alibaba:druid-spring-boot-starter (n)
+--- com.github.penggle:kaptcha (n)
+--- org.apache.shiro:shiro-spring (n)
+--- com.github.theborakompanioni:thymeleaf-extras-shiro (n)
+--- eu.bitwalker:UserAgentUtils (n)
\--- com.github.oshi:oshi-core (n)

runtimeClasspath - Runtime classpath of source set 'main'.
+--- project :ruoyi-system
|    +--- project :ruoyi-common
|    |    +--- org.springframework.boot:spring-boot-dependencies -> 2.2.12.RELEASE
|    |    |    +--- org.springframework.boot:spring-boot-starter:2.2.12.RELEASE -> 2.3.1.RELEASE (c)
|    |    |    +--- org.springframework.boot:spring-boot-starter-aop:2.2.12.RELEASE (c)
|    |    |    +--- org.springframework.boot:spring-boot-starter-web:2.2.12.RELEASE (c)
|    |    |    +--- net.java.dev.jna:jna:4.5.2 -> 5.6.0 (c)
|    |    |    +--- net.java.dev.jna:jna-platform:4.5.2 -> 5.6.0 (c)
|    |    |    +--- org.apache.commons:commons-lang3:3.9 (c)
|    |    |    +--- javax.validation:validation-api:2.0.1.Final (c)
|    |    |    +--- com.fasterxml.jackson.core:jackson-databind:2.10.5.1 (c)
|    |    |    +--- org.slf4j:slf4j-api:1.7.30 (c)
|    |    |    +--- org.springframework.boot:spring-boot-autoconfigure:2.2.12.RELEASE -> 2.3.1.RELEASE (c)
|    |    |    +--- javax.servlet:javax.servlet-api:4.0.1 (c)
|    |    |    +--- com.fasterxml:classmate:1.5.1 (c)
|    |    |    +--- org.springframework:spring-aop:5.2.12.RELEASE (c)
|    |    |    +--- org.aspectj:aspectjweaver:1.9.6 (c)
|    |    |    +--- org.springframework.boot:spring-boot-starter-json:2.2.12.RELEASE (c)
|    |    |    +--- org.springframework.boot:spring-boot-starter-tomcat:2.2.12.RELEASE (c)
|    |    |    +--- org.springframework.boot:spring-boot-starter-validation:2.2.12.RELEASE (c)
|    |    |    +--- org.springframework:spring-web:5.2.12.RELEASE (c)
|    |    |    +--- org.springframework:spring-webmvc:5.2.12.RELEASE (c)
|    |    |    +--- org.springframework:spring-context-support:5.2.12.RELEASE (c)
|    |    |    +--- org.yaml:snakeyaml:1.25 (c)
|    |    |    +--- com.fasterxml.jackson.core:jackson-annotations:2.10.5 (c)
|    |    |    +--- com.fasterxml.jackson.core:jackson-core:2.10.5 (c)
|    |    |    +--- org.springframework.boot:spring-boot:2.2.12.RELEASE -> 2.3.1.RELEASE (c)
|    |    |    +--- org.springframework.boot:spring-boot-starter-logging:2.2.12.RELEASE -> 2.3.1.RELEASE (c)
|    |    |    +--- jakarta.annotation:jakarta.annotation-api:1.3.5 (c)
|    |    |    +--- org.springframework:spring-core:5.2.12.RELEASE (c)
|    |    |    +--- org.springframework.boot:spring-boot-starter-jdbc:2.2.12.RELEASE -> 2.3.0.RELEASE (c)
|    |    |    +--- commons-codec:commons-codec:1.13 (c)
|    |    |    +--- org.springframework:spring-beans:5.2.12.RELEASE (c)
|    |    |    +--- org.springframework:spring-context:5.2.12.RELEASE (c)
|    |    |    +--- com.fasterxml.jackson.datatype:jackson-datatype-jdk8:2.10.5 (c)
|    |    |    +--- com.fasterxml.jackson.datatype:jackson-datatype-jsr310:2.10.5 (c)
|    |    |    +--- com.fasterxml.jackson.module:jackson-module-parameter-names:2.10.5 (c)
|    |    |    +--- org.apache.tomcat.embed:tomcat-embed-core:9.0.41 (c)
|    |    |    +--- org.apache.tomcat.embed:tomcat-embed-el:9.0.41 (c)
|    |    |    +--- org.apache.tomcat.embed:tomcat-embed-websocket:9.0.41 (c)
|    |    |    +--- jakarta.validation:jakarta.validation-api:2.0.2 (c)
|    |    |    +--- org.hibernate.validator:hibernate-validator:6.0.21.Final (c)
|    |    |    +--- org.springframework:spring-expression:5.2.12.RELEASE (c)
|    |    |    +--- ch.qos.logback:logback-classic:1.2.3 (c)
|    |    |    +--- org.apache.logging.log4j:log4j-to-slf4j:2.12.1 (c)
|    |    |    +--- org.slf4j:jul-to-slf4j:1.7.30 (c)
|    |    |    +--- org.springframework:spring-jcl:5.2.12.RELEASE (c)
|    |    |    +--- com.zaxxer:HikariCP:3.4.5 (c)
|    |    |    +--- org.springframework:spring-jdbc:5.2.12.RELEASE (c)
|    |    |    +--- net.bytebuddy:byte-buddy:1.10.18 (c)
|    |    |    +--- org.jboss.logging:jboss-logging:3.4.1.Final (c)
|    |    |    +--- org.apache.tomcat:tomcat-annotations-api:9.0.41 (c)
|    |    |    +--- ch.qos.logback:logback-core:1.2.3 (c)
|    |    |    +--- org.apache.logging.log4j:log4j-api:2.12.1 (c)
|    |    |    \--- org.springframework:spring-tx:5.2.12.RELEASE (c)
|    |    +--- org.springframework.boot:spring-boot-starter -> 2.3.1.RELEASE
|    |    |    +--- org.springframework.boot:spring-boot-dependencies:2.3.1.RELEASE -> 2.2.12.RELEASE (*)
|    |    |    +--- org.springframework.boot:spring-boot:2.3.1.RELEASE
|    |    |    |    +--- org.springframework.boot:spring-boot-dependencies:2.3.1.RELEASE -> 2.2.12.RELEASE (*)
|    |    |    |    +--- org.springframework:spring-core -> 5.2.12.RELEASE
|    |    |    |    |    \--- org.springframework:spring-jcl:5.2.12.RELEASE
|    |    |    |    \--- org.springframework:spring-context -> 5.2.12.RELEASE
|    |    |    |         +--- org.springframework:spring-aop:5.2.12.RELEASE
|    |    |    |         |    +--- org.springframework:spring-beans:5.2.12.RELEASE
|    |    |    |         |    |    \--- org.springframework:spring-core:5.2.12.RELEASE (*)
|    |    |    |         |    \--- org.springframework:spring-core:5.2.12.RELEASE (*)
|    |    |    |         +--- org.springframework:spring-beans:5.2.12.RELEASE (*)
|    |    |    |         +--- org.springframework:spring-core:5.2.12.RELEASE (*)
|    |    |    |         \--- org.springframework:spring-expression:5.2.12.RELEASE
|    |    |    |              \--- org.springframework:spring-core:5.2.12.RELEASE (*)
|    |    |    +--- org.springframework.boot:spring-boot-autoconfigure:2.3.1.RELEASE
|    |    |    |    +--- org.springframework.boot:spring-boot:2.3.1.RELEASE (*)
|    |    |    |    \--- org.springframework.boot:spring-boot-dependencies:2.3.1.RELEASE -> 2.2.12.RELEASE (*)
|    |    |    +--- org.springframework.boot:spring-boot-starter-logging:2.3.1.RELEASE
|    |    |    |    +--- org.springframework.boot:spring-boot-dependencies:2.3.1.RELEASE -> 2.2.12.RELEASE (*)
|    |    |    |    +--- ch.qos.logback:logback-classic -> 1.2.3
|    |    |    |    |    +--- ch.qos.logback:logback-core:1.2.3
|    |    |    |    |    \--- org.slf4j:slf4j-api:1.7.25 -> 1.7.30
|    |    |    |    +--- org.apache.logging.log4j:log4j-to-slf4j -> 2.12.1
|    |    |    |    |    +--- org.slf4j:slf4j-api:1.7.25 -> 1.7.30
|    |    |    |    |    \--- org.apache.logging.log4j:log4j-api:2.12.1
|    |    |    |    \--- org.slf4j:jul-to-slf4j -> 1.7.30
|    |    |    |         \--- org.slf4j:slf4j-api:1.7.30
|    |    |    +--- jakarta.annotation:jakarta.annotation-api -> 1.3.5
|    |    |    +--- org.springframework:spring-core -> 5.2.12.RELEASE (*)
|    |    |    \--- org.yaml:snakeyaml -> 1.25
|    |    +--- com.alibaba:druid-spring-boot-starter:1.2.2
|    |    |    +--- com.alibaba:druid:1.2.2
|    |    |    +--- org.slf4j:slf4j-api:1.7.25 -> 1.7.30
|    |    |    \--- org.springframework.boot:spring-boot-autoconfigure:1.5.12.RELEASE -> 2.3.1.RELEASE (*)
|    |    +--- com.github.penggle:kaptcha:2.3.2
|    |    |    +--- javax.servlet:javax.servlet-api:3.1.0 -> 4.0.1
|    |    |    \--- com.jhlabs:filters:2.0.235-1
|    |    +--- org.apache.shiro:shiro-core:1.7.0
|    |    |    +--- org.apache.shiro:shiro-lang:1.7.0
|    |    |    |    \--- org.slf4j:slf4j-api:1.7.26 -> 1.7.30
|    |    |    +--- org.apache.shiro:shiro-cache:1.7.0
|    |    |    |    \--- org.apache.shiro:shiro-lang:1.7.0 (*)
|    |    |    +--- org.apache.shiro:shiro-crypto-hash:1.7.0
|    |    |    |    +--- org.apache.shiro:shiro-lang:1.7.0 (*)
|    |    |    |    \--- org.apache.shiro:shiro-crypto-core:1.7.0
|    |    |    |         \--- org.apache.shiro:shiro-lang:1.7.0 (*)
|    |    |    +--- org.apache.shiro:shiro-crypto-cipher:1.7.0
|    |    |    |    +--- org.apache.shiro:shiro-lang:1.7.0 (*)
|    |    |    |    \--- org.apache.shiro:shiro-crypto-core:1.7.0 (*)
|    |    |    +--- org.apache.shiro:shiro-config-core:1.7.0
|    |    |    |    \--- org.apache.shiro:shiro-lang:1.7.0 (*)
|    |    |    +--- org.apache.shiro:shiro-config-ogdl:1.7.0
|    |    |    |    +--- org.apache.shiro:shiro-lang:1.7.0 (*)
|    |    |    |    +--- org.apache.shiro:shiro-config-core:1.7.0 (*)
|    |    |    |    +--- org.apache.shiro:shiro-event:1.7.0
|    |    |    |    |    \--- org.apache.shiro:shiro-lang:1.7.0 (*)
|    |    |    |    +--- commons-beanutils:commons-beanutils:1.9.4
|    |    |    |    |    \--- commons-collections:commons-collections:3.2.2
|    |    |    |    \--- org.slf4j:slf4j-api:1.7.26 -> 1.7.30
|    |    |    \--- org.apache.shiro:shiro-event:1.7.0 (*)
|    |    +--- org.apache.shiro:shiro-spring:1.7.0
|    |    |    +--- org.apache.shiro:shiro-core:1.7.0 (*)
|    |    |    \--- org.apache.shiro:shiro-web:1.7.0
|    |    |         +--- org.apache.shiro:shiro-core:1.7.0 (*)
|    |    |         \--- org.owasp.encoder:encoder:1.2.2
|    |    +--- org.apache.shiro:shiro-ehcache:1.7.0
|    |    |    +--- org.apache.shiro:shiro-cache:1.7.0 (*)
|    |    |    \--- net.sf.ehcache:ehcache-core:2.6.11
|    |    |         \--- org.slf4j:slf4j-api:1.6.1 -> 1.7.30
|    |    +--- com.github.theborakompanioni:thymeleaf-extras-shiro:2.0.0
|    |    +--- eu.bitwalker:UserAgentUtils:1.21
|    |    +--- com.github.pagehelper:pagehelper-spring-boot-starter:1.3.0
|    |    |    +--- org.springframework.boot:spring-boot-starter:2.3.1.RELEASE (*)
|    |    |    +--- org.mybatis.spring.boot:mybatis-spring-boot-starter:2.1.3
|    |    |    |    +--- org.springframework.boot:spring-boot-starter:2.3.0.RELEASE -> 2.3.1.RELEASE (*)
|    |    |    |    +--- org.springframework.boot:spring-boot-starter-jdbc:2.3.0.RELEASE
|    |    |    |    |    +--- org.springframework.boot:spring-boot-dependencies:2.3.0.RELEASE -> 2.2.12.RELEASE (*)
|    |    |    |    |    +--- org.springframework.boot:spring-boot-starter:2.3.0.RELEASE -> 2.3.1.RELEASE (*)
|    |    |    |    |    +--- com.zaxxer:HikariCP -> 3.4.5
|    |    |    |    |    |    \--- org.slf4j:slf4j-api:1.7.25 -> 1.7.30
|    |    |    |    |    \--- org.springframework:spring-jdbc -> 5.2.12.RELEASE
|    |    |    |    |         +--- org.springframework:spring-beans:5.2.12.RELEASE (*)
|    |    |    |    |         +--- org.springframework:spring-core:5.2.12.RELEASE (*)
|    |    |    |    |         \--- org.springframework:spring-tx:5.2.12.RELEASE
|    |    |    |    |              +--- org.springframework:spring-beans:5.2.12.RELEASE (*)
|    |    |    |    |              \--- org.springframework:spring-core:5.2.12.RELEASE (*)
|    |    |    |    +--- org.mybatis.spring.boot:mybatis-spring-boot-autoconfigure:2.1.3
|    |    |    |    |    \--- org.springframework.boot:spring-boot-autoconfigure:2.3.0.RELEASE -> 2.3.1.RELEASE (*)
|    |    |    |    +--- org.mybatis:mybatis:3.5.5
|    |    |    |    \--- org.mybatis:mybatis-spring:2.0.5
|    |    |    +--- com.github.pagehelper:pagehelper-spring-boot-autoconfigure:1.3.0
|    |    |    |    \--- org.springframework.boot:spring-boot-autoconfigure:2.3.1.RELEASE (*)
|    |    |    \--- com.github.pagehelper:pagehelper:5.2.0
|    |    |         \--- com.github.jsqlparser:jsqlparser:3.2
|    |    +--- com.github.oshi:oshi-core:5.3.6
|    |    |    +--- net.java.dev.jna:jna:5.6.0
|    |    |    +--- net.java.dev.jna:jna-platform:5.6.0
|    |    |    |    \--- net.java.dev.jna:jna:5.6.0
|    |    |    \--- org.slf4j:slf4j-api:1.7.30
|    |    +--- net.java.dev.jna:jna -> 5.6.0
|    |    +--- net.java.dev.jna:jna-platform -> 5.6.0 (*)
|    |    +--- commons-io:commons-io:2.5
|    |    +--- commons-fileupload:commons-fileupload:1.3.3
|    |    |    \--- commons-io:commons-io:2.2 -> 2.5
|    |    +--- org.apache.poi:poi-ooxml:4.1.2
|    |    |    +--- org.apache.poi:poi:4.1.2
|    |    |    |    +--- commons-codec:commons-codec:1.13
|    |    |    |    +--- org.apache.commons:commons-collections4:4.4
|    |    |    |    +--- org.apache.commons:commons-math3:3.6.1
|    |    |    |    \--- com.zaxxer:SparseBitSet:1.2
|    |    |    +--- org.apache.poi:poi-ooxml-schemas:4.1.2
|    |    |    |    \--- org.apache.xmlbeans:xmlbeans:3.1.0
|    |    |    +--- org.apache.commons:commons-compress:1.19
|    |    |    \--- com.github.virtuald:curvesapi:1.06
|    |    +--- org.apache.velocity:velocity:1.7
|    |    |    +--- commons-collections:commons-collections:3.2.1 -> 3.2.2
|    |    |    \--- commons-lang:commons-lang:2.4
|    |    +--- com.alibaba:fastjson:1.2.74
|    |    +--- io.springfox:springfox-swagger2:2.9.2
|    |    |    +--- io.springfox:springfox-spi:2.9.2
|    |    |    |    \--- io.springfox:springfox-core:2.9.2
|    |    |    |         +--- net.bytebuddy:byte-buddy:1.8.12 -> 1.10.18
|    |    |    |         +--- com.google.guava:guava:20.0
|    |    |    |         +--- com.fasterxml:classmate:1.4.0 -> 1.5.1
|    |    |    |         +--- org.slf4j:slf4j-api:1.7.25 -> 1.7.30
|    |    |    |         +--- org.springframework.plugin:spring-plugin-core:1.2.0.RELEASE
|    |    |    |         |    +--- org.springframework:spring-beans:4.0.9.RELEASE -> 5.2.12.RELEASE (*)
|    |    |    |         |    +--- org.springframework:spring-context:4.0.9.RELEASE -> 5.2.12.RELEASE (*)
|    |    |    |         |    +--- org.springframework:spring-aop:4.0.9.RELEASE -> 5.2.12.RELEASE (*)
|    |    |    |         |    \--- org.slf4j:slf4j-api:1.7.10 -> 1.7.30
|    |    |    |         \--- org.springframework.plugin:spring-plugin-metadata:1.2.0.RELEASE
|    |    |    |              +--- org.springframework.plugin:spring-plugin-core:1.2.0.RELEASE (*)
|    |    |    |              \--- org.slf4j:slf4j-api:1.7.10 -> 1.7.30
|    |    |    +--- io.springfox:springfox-schema:2.9.2
|    |    |    |    +--- io.springfox:springfox-core:2.9.2 (*)
|    |    |    |    \--- io.springfox:springfox-spi:2.9.2 (*)
|    |    |    +--- io.springfox:springfox-swagger-common:2.9.2
|    |    |    |    +--- io.springfox:springfox-spi:2.9.2 (*)
|    |    |    |    +--- io.springfox:springfox-schema:2.9.2 (*)
|    |    |    |    +--- io.springfox:springfox-spring-web:2.9.2
|    |    |    |    |    +--- com.google.guava:guava:20.0
|    |    |    |    |    +--- com.fasterxml:classmate:1.4.0 -> 1.5.1
|    |    |    |    |    +--- org.slf4j:slf4j-api:1.7.25 -> 1.7.30
|    |    |    |    |    +--- org.springframework.plugin:spring-plugin-core:1.2.0.RELEASE (*)
|    |    |    |    |    +--- org.springframework.plugin:spring-plugin-metadata:1.2.0.RELEASE (*)
|    |    |    |    |    \--- io.springfox:springfox-spi:2.9.2 (*)
|    |    |    |    +--- com.google.guava:guava:20.0
|    |    |    |    +--- com.fasterxml:classmate:1.4.0 -> 1.5.1
|    |    |    |    +--- org.slf4j:slf4j-api:1.7.25 -> 1.7.30
|    |    |    |    +--- org.springframework.plugin:spring-plugin-core:1.2.0.RELEASE (*)
|    |    |    |    \--- org.springframework.plugin:spring-plugin-metadata:1.2.0.RELEASE (*)
|    |    |    +--- io.springfox:springfox-spring-web:2.9.2 (*)
|    |    |    +--- com.google.guava:guava:20.0
|    |    |    +--- com.fasterxml:classmate:1.4.0 -> 1.5.1
|    |    |    +--- org.slf4j:slf4j-api:1.7.25 -> 1.7.30
|    |    |    +--- org.springframework.plugin:spring-plugin-core:1.2.0.RELEASE (*)
|    |    |    +--- org.springframework.plugin:spring-plugin-metadata:1.2.0.RELEASE (*)
|    |    |    \--- org.mapstruct:mapstruct:1.2.0.Final
|    |    +--- io.springfox:springfox-swagger-ui:2.9.2
|    |    |    \--- io.springfox:springfox-spring-web:2.9.2 (*)
|    |    +--- org.apache.commons:commons-lang3 -> 3.9
|    |    +--- org.springframework:spring-context-support -> 5.2.12.RELEASE
|    |    |    +--- org.springframework:spring-beans:5.2.12.RELEASE (*)
|    |    |    +--- org.springframework:spring-context:5.2.12.RELEASE (*)
|    |    |    \--- org.springframework:spring-core:5.2.12.RELEASE (*)
|    |    +--- org.springframework:spring-web -> 5.2.12.RELEASE
|    |    |    +--- org.springframework:spring-beans:5.2.12.RELEASE (*)
|    |    |    \--- org.springframework:spring-core:5.2.12.RELEASE (*)
|    |    +--- org.apache.shiro:shiro-core -> 1.7.0 (*)
|    |    +--- org.apache.shiro:shiro-ehcache -> 1.7.0 (*)
|    |    +--- com.github.pagehelper:pagehelper-spring-boot-starter -> 1.3.0 (*)
|    |    +--- javax.validation:validation-api -> 2.0.1.Final
|    |    +--- com.fasterxml.jackson.core:jackson-databind -> 2.10.5.1
|    |    |    +--- com.fasterxml.jackson.core:jackson-annotations:2.10.5
|    |    |    \--- com.fasterxml.jackson.core:jackson-core:2.10.5
|    |    +--- com.alibaba:fastjson -> 1.2.74
|    |    +--- commons-io:commons-io -> 2.5
|    |    +--- commons-fileupload:commons-fileupload -> 1.3.3 (*)
|    |    +--- org.apache.poi:poi-ooxml -> 4.1.2 (*)
|    |    +--- org.yaml:snakeyaml -> 1.25
|    |    +--- javax.servlet:javax.servlet-api -> 4.0.1
|    |    \--- org.springframework.boot:spring-boot-dependencies:2.2.12.RELEASE (c)
|    +--- org.springframework.boot:spring-boot-dependencies -> 2.2.12.RELEASE (*)
|    +--- org.springframework.boot:spring-boot-starter -> 2.3.1.RELEASE (*)
|    +--- com.alibaba:druid-spring-boot-starter:1.2.2 (*)
|    +--- com.github.penggle:kaptcha:2.3.2 (*)
|    +--- org.apache.shiro:shiro-core:1.7.0 (*)
|    +--- org.apache.shiro:shiro-spring:1.7.0 (*)
|    +--- org.apache.shiro:shiro-ehcache:1.7.0 (*)
|    +--- com.github.theborakompanioni:thymeleaf-extras-shiro:2.0.0
|    +--- eu.bitwalker:UserAgentUtils:1.21
|    +--- com.github.pagehelper:pagehelper-spring-boot-starter:1.3.0 (*)
|    +--- com.github.oshi:oshi-core:5.3.6 (*)
|    +--- net.java.dev.jna:jna -> 5.6.0
|    +--- net.java.dev.jna:jna-platform -> 5.6.0 (*)
|    +--- commons-io:commons-io:2.5
|    +--- commons-fileupload:commons-fileupload:1.3.3 (*)
|    +--- org.apache.poi:poi-ooxml:4.1.2 (*)
|    +--- org.apache.velocity:velocity:1.7 (*)
|    +--- com.alibaba:fastjson:1.2.74
|    +--- io.springfox:springfox-swagger2:2.9.2 (*)
|    +--- io.springfox:springfox-swagger-ui:2.9.2 (*)
|    +--- org.apache.commons:commons-lang3 -> 3.9
|    +--- javax.validation:validation-api -> 2.0.1.Final
|    +--- com.fasterxml.jackson.core:jackson-databind -> 2.10.5.1 (*)
|    \--- org.springframework.boot:spring-boot-dependencies:2.2.12.RELEASE (c)
+--- org.springframework.boot:spring-boot-dependencies -> 2.2.12.RELEASE (*)
+--- org.springframework.boot:spring-boot-starter -> 2.3.1.RELEASE (*)
+--- com.alibaba:druid-spring-boot-starter:1.2.2 (*)
+--- com.github.penggle:kaptcha:2.3.2 (*)
+--- org.apache.shiro:shiro-core:1.7.0 (*)
+--- org.apache.shiro:shiro-spring:1.7.0 (*)
+--- org.apache.shiro:shiro-ehcache:1.7.0 (*)
+--- com.github.theborakompanioni:thymeleaf-extras-shiro:2.0.0
+--- eu.bitwalker:UserAgentUtils:1.21
+--- com.github.pagehelper:pagehelper-spring-boot-starter:1.3.0 (*)
+--- com.github.oshi:oshi-core:5.3.6 (*)
+--- net.java.dev.jna:jna -> 5.6.0
+--- net.java.dev.jna:jna-platform -> 5.6.0 (*)
+--- commons-io:commons-io:2.5
+--- commons-fileupload:commons-fileupload:1.3.3 (*)
+--- org.apache.poi:poi-ooxml:4.1.2 (*)
+--- org.apache.velocity:velocity:1.7 (*)
+--- com.alibaba:fastjson:1.2.74
+--- io.springfox:springfox-swagger2:2.9.2 (*)
+--- io.springfox:springfox-swagger-ui:2.9.2 (*)
+--- org.apache.commons:commons-lang3 -> 3.9
+--- org.springframework.boot:spring-boot-starter-web -> 2.2.12.RELEASE
|    +--- org.springframework.boot:spring-boot-starter:2.2.12.RELEASE -> 2.3.1.RELEASE (*)
|    +--- org.springframework.boot:spring-boot-starter-json:2.2.12.RELEASE
|    |    +--- org.springframework.boot:spring-boot-starter:2.2.12.RELEASE -> 2.3.1.RELEASE (*)
|    |    +--- org.springframework:spring-web:5.2.12.RELEASE (*)
|    |    +--- com.fasterxml.jackson.core:jackson-databind:2.10.5.1 (*)
|    |    +--- com.fasterxml.jackson.datatype:jackson-datatype-jdk8:2.10.5
|    |    |    +--- com.fasterxml.jackson.core:jackson-core:2.10.5
|    |    |    \--- com.fasterxml.jackson.core:jackson-databind:2.10.5 -> 2.10.5.1 (*)
|    |    +--- com.fasterxml.jackson.datatype:jackson-datatype-jsr310:2.10.5
|    |    |    +--- com.fasterxml.jackson.core:jackson-annotations:2.10.5
|    |    |    +--- com.fasterxml.jackson.core:jackson-core:2.10.5
|    |    |    \--- com.fasterxml.jackson.core:jackson-databind:2.10.5 -> 2.10.5.1 (*)
|    |    \--- com.fasterxml.jackson.module:jackson-module-parameter-names:2.10.5
|    |         +--- com.fasterxml.jackson.core:jackson-core:2.10.5
|    |         \--- com.fasterxml.jackson.core:jackson-databind:2.10.5 -> 2.10.5.1 (*)
|    +--- org.springframework.boot:spring-boot-starter-tomcat:2.2.12.RELEASE
|    |    +--- jakarta.annotation:jakarta.annotation-api:1.3.5
|    |    +--- org.apache.tomcat.embed:tomcat-embed-core:9.0.41
|    |    |    \--- org.apache.tomcat:tomcat-annotations-api:9.0.41
|    |    +--- org.apache.tomcat.embed:tomcat-embed-el:9.0.41
|    |    \--- org.apache.tomcat.embed:tomcat-embed-websocket:9.0.41
|    |         \--- org.apache.tomcat.embed:tomcat-embed-core:9.0.41 (*)
|    +--- org.springframework.boot:spring-boot-starter-validation:2.2.12.RELEASE
|    |    +--- org.springframework.boot:spring-boot-starter:2.2.12.RELEASE -> 2.3.1.RELEASE (*)
|    |    +--- jakarta.validation:jakarta.validation-api:2.0.2
|    |    \--- org.hibernate.validator:hibernate-validator:6.0.21.Final
|    |         +--- org.jboss.logging:jboss-logging:3.3.2.Final -> 3.4.1.Final
|    |         \--- com.fasterxml:classmate:1.3.4 -> 1.5.1
|    +--- org.springframework:spring-web:5.2.12.RELEASE (*)
|    \--- org.springframework:spring-webmvc:5.2.12.RELEASE
|         +--- org.springframework:spring-aop:5.2.12.RELEASE (*)
|         +--- org.springframework:spring-beans:5.2.12.RELEASE (*)
|         +--- org.springframework:spring-context:5.2.12.RELEASE (*)
|         +--- org.springframework:spring-core:5.2.12.RELEASE (*)
|         +--- org.springframework:spring-expression:5.2.12.RELEASE (*)
|         \--- org.springframework:spring-web:5.2.12.RELEASE (*)
+--- org.springframework.boot:spring-boot-starter-aop -> 2.2.12.RELEASE
|    +--- org.springframework.boot:spring-boot-starter:2.2.12.RELEASE -> 2.3.1.RELEASE (*)
|    +--- org.springframework:spring-aop:5.2.12.RELEASE (*)
|    \--- org.aspectj:aspectjweaver:1.9.6
+--- com.alibaba:druid-spring-boot-starter -> 1.2.2 (*)
+--- com.github.penggle:kaptcha -> 2.3.2 (*)
+--- org.apache.shiro:shiro-spring -> 1.7.0 (*)
+--- com.github.theborakompanioni:thymeleaf-extras-shiro -> 2.0.0
+--- eu.bitwalker:UserAgentUtils -> 1.21
+--- com.github.oshi:oshi-core -> 5.3.6 (*)
\--- org.springframework.boot:spring-boot-dependencies:2.2.12.RELEASE (c)

runtimeElements - Elements of runtime for main. (n)
No dependencies

runtimeOnly - Runtime only dependencies for source set 'main'. (n)
No dependencies

testAnnotationProcessor - Annotation processors and their dependencies for source set 'test'.
No dependencies

testCompileClasspath - Compile classpath for source set 'test'.
+--- project :ruoyi-system
|    \--- project :ruoyi-common
+--- org.springframework.boot:spring-boot-dependencies -> 2.2.12.RELEASE
|    +--- org.springframework.boot:spring-boot-starter:2.2.12.RELEASE -> 2.3.1.RELEASE (c)
|    +--- org.springframework.boot:spring-boot-starter-aop:2.2.12.RELEASE (c)
|    +--- org.springframework.boot:spring-boot-starter-web:2.2.12.RELEASE (c)
|    +--- net.java.dev.jna:jna:4.5.2 -> 5.6.0 (c)
|    +--- net.java.dev.jna:jna-platform:4.5.2 -> 5.6.0 (c)
|    +--- org.apache.commons:commons-lang3:3.9 (c)
|    +--- org.slf4j:slf4j-api:1.7.30 (c)
|    +--- org.springframework.boot:spring-boot-autoconfigure:2.2.12.RELEASE -> 2.3.1.RELEASE (c)
|    +--- javax.servlet:javax.servlet-api:4.0.1 (c)
|    +--- com.fasterxml:classmate:1.5.1 (c)
|    +--- org.springframework:spring-aop:5.2.12.RELEASE (c)
|    +--- org.aspectj:aspectjweaver:1.9.6 (c)
|    +--- org.springframework.boot:spring-boot-starter-json:2.2.12.RELEASE (c)
|    +--- org.springframework.boot:spring-boot-starter-tomcat:2.2.12.RELEASE (c)
|    +--- org.springframework.boot:spring-boot-starter-validation:2.2.12.RELEASE (c)
|    +--- org.springframework:spring-web:5.2.12.RELEASE (c)
|    +--- org.springframework:spring-webmvc:5.2.12.RELEASE (c)
|    +--- org.springframework.boot:spring-boot:2.2.12.RELEASE -> 2.3.1.RELEASE (c)
|    +--- org.springframework.boot:spring-boot-starter-logging:2.2.12.RELEASE -> 2.3.1.RELEASE (c)
|    +--- jakarta.annotation:jakarta.annotation-api:1.3.5 (c)
|    +--- org.springframework:spring-core:5.2.12.RELEASE (c)
|    +--- org.yaml:snakeyaml:1.25 (c)
|    +--- org.springframework.boot:spring-boot-starter-jdbc:2.2.12.RELEASE -> 2.3.0.RELEASE (c)
|    +--- commons-codec:commons-codec:1.13 (c)
|    +--- org.springframework:spring-beans:5.2.12.RELEASE (c)
|    +--- org.springframework:spring-context:5.2.12.RELEASE (c)
|    +--- com.fasterxml.jackson.core:jackson-databind:2.10.5.1 (c)
|    +--- com.fasterxml.jackson.datatype:jackson-datatype-jdk8:2.10.5 (c)
|    +--- com.fasterxml.jackson.datatype:jackson-datatype-jsr310:2.10.5 (c)
|    +--- com.fasterxml.jackson.module:jackson-module-parameter-names:2.10.5 (c)
|    +--- org.apache.tomcat.embed:tomcat-embed-core:9.0.41 (c)
|    +--- org.apache.tomcat.embed:tomcat-embed-el:9.0.41 (c)
|    +--- org.apache.tomcat.embed:tomcat-embed-websocket:9.0.41 (c)
|    +--- jakarta.validation:jakarta.validation-api:2.0.2 (c)
|    +--- org.hibernate.validator:hibernate-validator:6.0.21.Final (c)
|    +--- org.springframework:spring-expression:5.2.12.RELEASE (c)
|    +--- ch.qos.logback:logback-classic:1.2.3 (c)
|    +--- org.apache.logging.log4j:log4j-to-slf4j:2.12.1 (c)
|    +--- org.slf4j:jul-to-slf4j:1.7.30 (c)
|    +--- org.springframework:spring-jcl:5.2.12.RELEASE (c)
|    +--- com.zaxxer:HikariCP:3.4.5 (c)
|    +--- org.springframework:spring-jdbc:5.2.12.RELEASE (c)
|    +--- net.bytebuddy:byte-buddy:1.10.18 (c)
|    +--- com.fasterxml.jackson.core:jackson-annotations:2.10.5 (c)
|    +--- com.fasterxml.jackson.core:jackson-core:2.10.5 (c)
|    +--- org.jboss.logging:jboss-logging:3.4.1.Final (c)
|    +--- org.apache.tomcat:tomcat-annotations-api:9.0.41 (c)
|    +--- ch.qos.logback:logback-core:1.2.3 (c)
|    +--- org.apache.logging.log4j:log4j-api:2.12.1 (c)
|    \--- org.springframework:spring-tx:5.2.12.RELEASE (c)
+--- org.springframework.boot:spring-boot-starter -> 2.3.1.RELEASE
|    +--- org.springframework.boot:spring-boot-dependencies:2.3.1.RELEASE -> 2.2.12.RELEASE (*)
|    +--- org.springframework.boot:spring-boot:2.3.1.RELEASE
|    |    +--- org.springframework.boot:spring-boot-dependencies:2.3.1.RELEASE -> 2.2.12.RELEASE (*)
|    |    +--- org.springframework:spring-core -> 5.2.12.RELEASE
|    |    |    \--- org.springframework:spring-jcl:5.2.12.RELEASE
|    |    \--- org.springframework:spring-context -> 5.2.12.RELEASE
|    |         +--- org.springframework:spring-aop:5.2.12.RELEASE
|    |         |    +--- org.springframework:spring-beans:5.2.12.RELEASE
|    |         |    |    \--- org.springframework:spring-core:5.2.12.RELEASE (*)
|    |         |    \--- org.springframework:spring-core:5.2.12.RELEASE (*)
|    |         +--- org.springframework:spring-beans:5.2.12.RELEASE (*)
|    |         +--- org.springframework:spring-core:5.2.12.RELEASE (*)
|    |         \--- org.springframework:spring-expression:5.2.12.RELEASE
|    |              \--- org.springframework:spring-core:5.2.12.RELEASE (*)
|    +--- org.springframework.boot:spring-boot-autoconfigure:2.3.1.RELEASE
|    |    +--- org.springframework.boot:spring-boot:2.3.1.RELEASE (*)
|    |    \--- org.springframework.boot:spring-boot-dependencies:2.3.1.RELEASE -> 2.2.12.RELEASE (*)
|    +--- org.springframework.boot:spring-boot-starter-logging:2.3.1.RELEASE
|    |    +--- org.springframework.boot:spring-boot-dependencies:2.3.1.RELEASE -> 2.2.12.RELEASE (*)
|    |    +--- ch.qos.logback:logback-classic -> 1.2.3
|    |    |    +--- ch.qos.logback:logback-core:1.2.3
|    |    |    \--- org.slf4j:slf4j-api:1.7.25 -> 1.7.30
|    |    +--- org.apache.logging.log4j:log4j-to-slf4j -> 2.12.1
|    |    |    +--- org.slf4j:slf4j-api:1.7.25 -> 1.7.30
|    |    |    \--- org.apache.logging.log4j:log4j-api:2.12.1
|    |    \--- org.slf4j:jul-to-slf4j -> 1.7.30
|    |         \--- org.slf4j:slf4j-api:1.7.30
|    +--- jakarta.annotation:jakarta.annotation-api -> 1.3.5
|    +--- org.springframework:spring-core -> 5.2.12.RELEASE (*)
|    \--- org.yaml:snakeyaml -> 1.25
+--- com.alibaba:druid-spring-boot-starter:1.2.2
|    +--- com.alibaba:druid:1.2.2
|    +--- org.slf4j:slf4j-api:1.7.25 -> 1.7.30
|    \--- org.springframework.boot:spring-boot-autoconfigure:1.5.12.RELEASE -> 2.3.1.RELEASE (*)
+--- com.github.penggle:kaptcha:2.3.2
|    +--- javax.servlet:javax.servlet-api:3.1.0 -> 4.0.1
|    \--- com.jhlabs:filters:2.0.235-1
+--- org.apache.shiro:shiro-core:1.7.0
|    +--- org.apache.shiro:shiro-lang:1.7.0
|    |    \--- org.slf4j:slf4j-api:1.7.26 -> 1.7.30
|    +--- org.apache.shiro:shiro-cache:1.7.0
|    |    \--- org.apache.shiro:shiro-lang:1.7.0 (*)
|    +--- org.apache.shiro:shiro-crypto-hash:1.7.0
|    |    +--- org.apache.shiro:shiro-lang:1.7.0 (*)
|    |    \--- org.apache.shiro:shiro-crypto-core:1.7.0
|    |         \--- org.apache.shiro:shiro-lang:1.7.0 (*)
|    +--- org.apache.shiro:shiro-crypto-cipher:1.7.0
|    |    +--- org.apache.shiro:shiro-lang:1.7.0 (*)
|    |    \--- org.apache.shiro:shiro-crypto-core:1.7.0 (*)
|    +--- org.apache.shiro:shiro-config-core:1.7.0
|    |    \--- org.apache.shiro:shiro-lang:1.7.0 (*)
|    +--- org.apache.shiro:shiro-config-ogdl:1.7.0
|    |    +--- org.apache.shiro:shiro-lang:1.7.0 (*)
|    |    +--- org.apache.shiro:shiro-config-core:1.7.0 (*)
|    |    +--- org.apache.shiro:shiro-event:1.7.0
|    |    |    \--- org.apache.shiro:shiro-lang:1.7.0 (*)
|    |    +--- commons-beanutils:commons-beanutils:1.9.4
|    |    |    \--- commons-collections:commons-collections:3.2.2
|    |    \--- org.slf4j:slf4j-api:1.7.26 -> 1.7.30
|    \--- org.apache.shiro:shiro-event:1.7.0 (*)
+--- org.apache.shiro:shiro-spring:1.7.0
|    +--- org.apache.shiro:shiro-core:1.7.0 (*)
|    \--- org.apache.shiro:shiro-web:1.7.0
|         +--- org.apache.shiro:shiro-core:1.7.0 (*)
|         \--- org.owasp.encoder:encoder:1.2.2
+--- org.apache.shiro:shiro-ehcache:1.7.0
|    +--- org.apache.shiro:shiro-cache:1.7.0 (*)
|    \--- net.sf.ehcache:ehcache-core:2.6.11
|         \--- org.slf4j:slf4j-api:1.6.1 -> 1.7.30
+--- com.github.theborakompanioni:thymeleaf-extras-shiro:2.0.0
+--- eu.bitwalker:UserAgentUtils:1.21
+--- com.github.pagehelper:pagehelper-spring-boot-starter:1.3.0
|    +--- org.springframework.boot:spring-boot-starter:2.3.1.RELEASE (*)
|    +--- org.mybatis.spring.boot:mybatis-spring-boot-starter:2.1.3
|    |    +--- org.springframework.boot:spring-boot-starter:2.3.0.RELEASE -> 2.3.1.RELEASE (*)
|    |    +--- org.springframework.boot:spring-boot-starter-jdbc:2.3.0.RELEASE
|    |    |    +--- org.springframework.boot:spring-boot-dependencies:2.3.0.RELEASE -> 2.2.12.RELEASE (*)
|    |    |    +--- org.springframework.boot:spring-boot-starter:2.3.0.RELEASE -> 2.3.1.RELEASE (*)
|    |    |    +--- com.zaxxer:HikariCP -> 3.4.5
|    |    |    |    \--- org.slf4j:slf4j-api:1.7.25 -> 1.7.30
|    |    |    \--- org.springframework:spring-jdbc -> 5.2.12.RELEASE
|    |    |         +--- org.springframework:spring-beans:5.2.12.RELEASE (*)
|    |    |         +--- org.springframework:spring-core:5.2.12.RELEASE (*)
|    |    |         \--- org.springframework:spring-tx:5.2.12.RELEASE
|    |    |              +--- org.springframework:spring-beans:5.2.12.RELEASE (*)
|    |    |              \--- org.springframework:spring-core:5.2.12.RELEASE (*)
|    |    +--- org.mybatis.spring.boot:mybatis-spring-boot-autoconfigure:2.1.3
|    |    |    \--- org.springframework.boot:spring-boot-autoconfigure:2.3.0.RELEASE -> 2.3.1.RELEASE (*)
|    |    +--- org.mybatis:mybatis:3.5.5
|    |    \--- org.mybatis:mybatis-spring:2.0.5
|    +--- com.github.pagehelper:pagehelper-spring-boot-autoconfigure:1.3.0
|    |    \--- org.springframework.boot:spring-boot-autoconfigure:2.3.1.RELEASE (*)
|    \--- com.github.pagehelper:pagehelper:5.2.0
|         \--- com.github.jsqlparser:jsqlparser:3.2
+--- com.github.oshi:oshi-core:5.3.6
|    +--- net.java.dev.jna:jna:5.6.0
|    +--- net.java.dev.jna:jna-platform:5.6.0
|    |    \--- net.java.dev.jna:jna:5.6.0
|    \--- org.slf4j:slf4j-api:1.7.30
+--- net.java.dev.jna:jna -> 5.6.0
+--- net.java.dev.jna:jna-platform -> 5.6.0 (*)
+--- commons-io:commons-io:2.5
+--- commons-fileupload:commons-fileupload:1.3.3
|    \--- commons-io:commons-io:2.2 -> 2.5
+--- org.apache.poi:poi-ooxml:4.1.2
|    +--- org.apache.poi:poi:4.1.2
|    |    +--- commons-codec:commons-codec:1.13
|    |    +--- org.apache.commons:commons-collections4:4.4
|    |    +--- org.apache.commons:commons-math3:3.6.1
|    |    \--- com.zaxxer:SparseBitSet:1.2
|    +--- org.apache.poi:poi-ooxml-schemas:4.1.2
|    |    \--- org.apache.xmlbeans:xmlbeans:3.1.0
|    +--- org.apache.commons:commons-compress:1.19
|    \--- com.github.virtuald:curvesapi:1.06
+--- org.apache.velocity:velocity:1.7
|    +--- commons-collections:commons-collections:3.2.1 -> 3.2.2
|    \--- commons-lang:commons-lang:2.4
+--- com.alibaba:fastjson:1.2.74
+--- io.springfox:springfox-swagger2:2.9.2
|    +--- io.springfox:springfox-spi:2.9.2
|    |    \--- io.springfox:springfox-core:2.9.2
|    |         +--- net.bytebuddy:byte-buddy:1.8.12 -> 1.10.18
|    |         +--- com.google.guava:guava:20.0
|    |         +--- com.fasterxml:classmate:1.4.0 -> 1.5.1
|    |         +--- org.slf4j:slf4j-api:1.7.25 -> 1.7.30
|    |         +--- org.springframework.plugin:spring-plugin-core:1.2.0.RELEASE
|    |         |    +--- org.springframework:spring-beans:4.0.9.RELEASE -> 5.2.12.RELEASE (*)
|    |         |    +--- org.springframework:spring-context:4.0.9.RELEASE -> 5.2.12.RELEASE (*)
|    |         |    +--- org.springframework:spring-aop:4.0.9.RELEASE -> 5.2.12.RELEASE (*)
|    |         |    \--- org.slf4j:slf4j-api:1.7.10 -> 1.7.30
|    |         \--- org.springframework.plugin:spring-plugin-metadata:1.2.0.RELEASE
|    |              +--- org.springframework.plugin:spring-plugin-core:1.2.0.RELEASE (*)
|    |              \--- org.slf4j:slf4j-api:1.7.10 -> 1.7.30
|    +--- io.springfox:springfox-schema:2.9.2
|    |    +--- io.springfox:springfox-core:2.9.2 (*)
|    |    \--- io.springfox:springfox-spi:2.9.2 (*)
|    +--- io.springfox:springfox-swagger-common:2.9.2
|    |    +--- io.springfox:springfox-spi:2.9.2 (*)
|    |    +--- io.springfox:springfox-schema:2.9.2 (*)
|    |    +--- io.springfox:springfox-spring-web:2.9.2
|    |    |    +--- com.google.guava:guava:20.0
|    |    |    +--- com.fasterxml:classmate:1.4.0 -> 1.5.1
|    |    |    +--- org.slf4j:slf4j-api:1.7.25 -> 1.7.30
|    |    |    +--- org.springframework.plugin:spring-plugin-core:1.2.0.RELEASE (*)
|    |    |    +--- org.springframework.plugin:spring-plugin-metadata:1.2.0.RELEASE (*)
|    |    |    \--- io.springfox:springfox-spi:2.9.2 (*)
|    |    +--- com.google.guava:guava:20.0
|    |    +--- com.fasterxml:classmate:1.4.0 -> 1.5.1
|    |    +--- org.slf4j:slf4j-api:1.7.25 -> 1.7.30
|    |    +--- org.springframework.plugin:spring-plugin-core:1.2.0.RELEASE (*)
|    |    \--- org.springframework.plugin:spring-plugin-metadata:1.2.0.RELEASE (*)
|    +--- io.springfox:springfox-spring-web:2.9.2 (*)
|    +--- com.google.guava:guava:20.0
|    +--- com.fasterxml:classmate:1.4.0 -> 1.5.1
|    +--- org.slf4j:slf4j-api:1.7.25 -> 1.7.30
|    +--- org.springframework.plugin:spring-plugin-core:1.2.0.RELEASE (*)
|    +--- org.springframework.plugin:spring-plugin-metadata:1.2.0.RELEASE (*)
|    \--- org.mapstruct:mapstruct:1.2.0.Final
+--- io.springfox:springfox-swagger-ui:2.9.2
|    \--- io.springfox:springfox-spring-web:2.9.2 (*)
+--- org.apache.commons:commons-lang3 -> 3.9
+--- org.springframework.boot:spring-boot-starter-web -> 2.2.12.RELEASE
|    +--- org.springframework.boot:spring-boot-starter:2.2.12.RELEASE -> 2.3.1.RELEASE (*)
|    +--- org.springframework.boot:spring-boot-starter-json:2.2.12.RELEASE
|    |    +--- org.springframework.boot:spring-boot-starter:2.2.12.RELEASE -> 2.3.1.RELEASE (*)
|    |    +--- org.springframework:spring-web:5.2.12.RELEASE
|    |    |    +--- org.springframework:spring-beans:5.2.12.RELEASE (*)
|    |    |    \--- org.springframework:spring-core:5.2.12.RELEASE (*)
|    |    +--- com.fasterxml.jackson.core:jackson-databind:2.10.5.1
|    |    |    +--- com.fasterxml.jackson.core:jackson-annotations:2.10.5
|    |    |    \--- com.fasterxml.jackson.core:jackson-core:2.10.5
|    |    +--- com.fasterxml.jackson.datatype:jackson-datatype-jdk8:2.10.5
|    |    |    +--- com.fasterxml.jackson.core:jackson-core:2.10.5
|    |    |    \--- com.fasterxml.jackson.core:jackson-databind:2.10.5 -> 2.10.5.1 (*)
|    |    +--- com.fasterxml.jackson.datatype:jackson-datatype-jsr310:2.10.5
|    |    |    +--- com.fasterxml.jackson.core:jackson-annotations:2.10.5
|    |    |    +--- com.fasterxml.jackson.core:jackson-core:2.10.5
|    |    |    \--- com.fasterxml.jackson.core:jackson-databind:2.10.5 -> 2.10.5.1 (*)
|    |    \--- com.fasterxml.jackson.module:jackson-module-parameter-names:2.10.5
|    |         +--- com.fasterxml.jackson.core:jackson-core:2.10.5
|    |         \--- com.fasterxml.jackson.core:jackson-databind:2.10.5 -> 2.10.5.1 (*)
|    +--- org.springframework.boot:spring-boot-starter-tomcat:2.2.12.RELEASE
|    |    +--- jakarta.annotation:jakarta.annotation-api:1.3.5
|    |    +--- org.apache.tomcat.embed:tomcat-embed-core:9.0.41
|    |    |    \--- org.apache.tomcat:tomcat-annotations-api:9.0.41
|    |    +--- org.apache.tomcat.embed:tomcat-embed-el:9.0.41
|    |    \--- org.apache.tomcat.embed:tomcat-embed-websocket:9.0.41
|    |         \--- org.apache.tomcat.embed:tomcat-embed-core:9.0.41 (*)
|    +--- org.springframework.boot:spring-boot-starter-validation:2.2.12.RELEASE
|    |    +--- org.springframework.boot:spring-boot-starter:2.2.12.RELEASE -> 2.3.1.RELEASE (*)
|    |    +--- jakarta.validation:jakarta.validation-api:2.0.2
|    |    \--- org.hibernate.validator:hibernate-validator:6.0.21.Final
|    |         +--- org.jboss.logging:jboss-logging:3.3.2.Final -> 3.4.1.Final
|    |         \--- com.fasterxml:classmate:1.3.4 -> 1.5.1
|    +--- org.springframework:spring-web:5.2.12.RELEASE (*)
|    \--- org.springframework:spring-webmvc:5.2.12.RELEASE
|         +--- org.springframework:spring-aop:5.2.12.RELEASE (*)
|         +--- org.springframework:spring-beans:5.2.12.RELEASE (*)
|         +--- org.springframework:spring-context:5.2.12.RELEASE (*)
|         +--- org.springframework:spring-core:5.2.12.RELEASE (*)
|         +--- org.springframework:spring-expression:5.2.12.RELEASE (*)
|         \--- org.springframework:spring-web:5.2.12.RELEASE (*)
+--- org.springframework.boot:spring-boot-starter-aop -> 2.2.12.RELEASE
|    +--- org.springframework.boot:spring-boot-starter:2.2.12.RELEASE -> 2.3.1.RELEASE (*)
|    +--- org.springframework:spring-aop:5.2.12.RELEASE (*)
|    \--- org.aspectj:aspectjweaver:1.9.6
+--- com.alibaba:druid-spring-boot-starter -> 1.2.2 (*)
+--- com.github.penggle:kaptcha -> 2.3.2 (*)
+--- org.apache.shiro:shiro-spring -> 1.7.0 (*)
+--- com.github.theborakompanioni:thymeleaf-extras-shiro -> 2.0.0
+--- eu.bitwalker:UserAgentUtils -> 1.21
+--- com.github.oshi:oshi-core -> 5.3.6 (*)
\--- org.springframework.boot:spring-boot-dependencies:2.2.12.RELEASE (c)

testCompileOnly - Compile only dependencies for source set 'test'. (n)
No dependencies

testImplementation - Implementation only dependencies for source set 'test'. (n)
No dependencies

testRuntimeClasspath - Runtime classpath of source set 'test'.
+--- project :ruoyi-system
|    +--- project :ruoyi-common
|    |    +--- org.springframework.boot:spring-boot-dependencies -> 2.2.12.RELEASE
|    |    |    +--- org.springframework.boot:spring-boot-starter:2.2.12.RELEASE -> 2.3.1.RELEASE (c)
|    |    |    +--- org.springframework.boot:spring-boot-starter-aop:2.2.12.RELEASE (c)
|    |    |    +--- org.springframework.boot:spring-boot-starter-web:2.2.12.RELEASE (c)
|    |    |    +--- net.java.dev.jna:jna:4.5.2 -> 5.6.0 (c)
|    |    |    +--- net.java.dev.jna:jna-platform:4.5.2 -> 5.6.0 (c)
|    |    |    +--- org.apache.commons:commons-lang3:3.9 (c)
|    |    |    +--- javax.validation:validation-api:2.0.1.Final (c)
|    |    |    +--- com.fasterxml.jackson.core:jackson-databind:2.10.5.1 (c)
|    |    |    +--- org.slf4j:slf4j-api:1.7.30 (c)
|    |    |    +--- org.springframework.boot:spring-boot-autoconfigure:2.2.12.RELEASE -> 2.3.1.RELEASE (c)
|    |    |    +--- javax.servlet:javax.servlet-api:4.0.1 (c)
|    |    |    +--- com.fasterxml:classmate:1.5.1 (c)
|    |    |    +--- org.springframework:spring-aop:5.2.12.RELEASE (c)
|    |    |    +--- org.aspectj:aspectjweaver:1.9.6 (c)
|    |    |    +--- org.springframework.boot:spring-boot-starter-json:2.2.12.RELEASE (c)
|    |    |    +--- org.springframework.boot:spring-boot-starter-tomcat:2.2.12.RELEASE (c)
|    |    |    +--- org.springframework.boot:spring-boot-starter-validation:2.2.12.RELEASE (c)
|    |    |    +--- org.springframework:spring-web:5.2.12.RELEASE (c)
|    |    |    +--- org.springframework:spring-webmvc:5.2.12.RELEASE (c)
|    |    |    +--- org.springframework:spring-context-support:5.2.12.RELEASE (c)
|    |    |    +--- org.yaml:snakeyaml:1.25 (c)
|    |    |    +--- com.fasterxml.jackson.core:jackson-annotations:2.10.5 (c)
|    |    |    +--- com.fasterxml.jackson.core:jackson-core:2.10.5 (c)
|    |    |    +--- org.springframework.boot:spring-boot:2.2.12.RELEASE -> 2.3.1.RELEASE (c)
|    |    |    +--- org.springframework.boot:spring-boot-starter-logging:2.2.12.RELEASE -> 2.3.1.RELEASE (c)
|    |    |    +--- jakarta.annotation:jakarta.annotation-api:1.3.5 (c)
|    |    |    +--- org.springframework:spring-core:5.2.12.RELEASE (c)
|    |    |    +--- org.springframework.boot:spring-boot-starter-jdbc:2.2.12.RELEASE -> 2.3.0.RELEASE (c)
|    |    |    +--- commons-codec:commons-codec:1.13 (c)
|    |    |    +--- org.springframework:spring-beans:5.2.12.RELEASE (c)
|    |    |    +--- org.springframework:spring-context:5.2.12.RELEASE (c)
|    |    |    +--- com.fasterxml.jackson.datatype:jackson-datatype-jdk8:2.10.5 (c)
|    |    |    +--- com.fasterxml.jackson.datatype:jackson-datatype-jsr310:2.10.5 (c)
|    |    |    +--- com.fasterxml.jackson.module:jackson-module-parameter-names:2.10.5 (c)
|    |    |    +--- org.apache.tomcat.embed:tomcat-embed-core:9.0.41 (c)
|    |    |    +--- org.apache.tomcat.embed:tomcat-embed-el:9.0.41 (c)
|    |    |    +--- org.apache.tomcat.embed:tomcat-embed-websocket:9.0.41 (c)
|    |    |    +--- jakarta.validation:jakarta.validation-api:2.0.2 (c)
|    |    |    +--- org.hibernate.validator:hibernate-validator:6.0.21.Final (c)
|    |    |    +--- org.springframework:spring-expression:5.2.12.RELEASE (c)
|    |    |    +--- ch.qos.logback:logback-classic:1.2.3 (c)
|    |    |    +--- org.apache.logging.log4j:log4j-to-slf4j:2.12.1 (c)
|    |    |    +--- org.slf4j:jul-to-slf4j:1.7.30 (c)
|    |    |    +--- org.springframework:spring-jcl:5.2.12.RELEASE (c)
|    |    |    +--- com.zaxxer:HikariCP:3.4.5 (c)
|    |    |    +--- org.springframework:spring-jdbc:5.2.12.RELEASE (c)
|    |    |    +--- net.bytebuddy:byte-buddy:1.10.18 (c)
|    |    |    +--- org.jboss.logging:jboss-logging:3.4.1.Final (c)
|    |    |    +--- org.apache.tomcat:tomcat-annotations-api:9.0.41 (c)
|    |    |    +--- ch.qos.logback:logback-core:1.2.3 (c)
|    |    |    +--- org.apache.logging.log4j:log4j-api:2.12.1 (c)
|    |    |    \--- org.springframework:spring-tx:5.2.12.RELEASE (c)
|    |    +--- org.springframework.boot:spring-boot-starter -> 2.3.1.RELEASE
|    |    |    +--- org.springframework.boot:spring-boot-dependencies:2.3.1.RELEASE -> 2.2.12.RELEASE (*)
|    |    |    +--- org.springframework.boot:spring-boot:2.3.1.RELEASE
|    |    |    |    +--- org.springframework.boot:spring-boot-dependencies:2.3.1.RELEASE -> 2.2.12.RELEASE (*)
|    |    |    |    +--- org.springframework:spring-core -> 5.2.12.RELEASE
|    |    |    |    |    \--- org.springframework:spring-jcl:5.2.12.RELEASE
|    |    |    |    \--- org.springframework:spring-context -> 5.2.12.RELEASE
|    |    |    |         +--- org.springframework:spring-aop:5.2.12.RELEASE
|    |    |    |         |    +--- org.springframework:spring-beans:5.2.12.RELEASE
|    |    |    |         |    |    \--- org.springframework:spring-core:5.2.12.RELEASE (*)
|    |    |    |         |    \--- org.springframework:spring-core:5.2.12.RELEASE (*)
|    |    |    |         +--- org.springframework:spring-beans:5.2.12.RELEASE (*)
|    |    |    |         +--- org.springframework:spring-core:5.2.12.RELEASE (*)
|    |    |    |         \--- org.springframework:spring-expression:5.2.12.RELEASE
|    |    |    |              \--- org.springframework:spring-core:5.2.12.RELEASE (*)
|    |    |    +--- org.springframework.boot:spring-boot-autoconfigure:2.3.1.RELEASE
|    |    |    |    +--- org.springframework.boot:spring-boot:2.3.1.RELEASE (*)
|    |    |    |    \--- org.springframework.boot:spring-boot-dependencies:2.3.1.RELEASE -> 2.2.12.RELEASE (*)
|    |    |    +--- org.springframework.boot:spring-boot-starter-logging:2.3.1.RELEASE
|    |    |    |    +--- org.springframework.boot:spring-boot-dependencies:2.3.1.RELEASE -> 2.2.12.RELEASE (*)
|    |    |    |    +--- ch.qos.logback:logback-classic -> 1.2.3
|    |    |    |    |    +--- ch.qos.logback:logback-core:1.2.3
|    |    |    |    |    \--- org.slf4j:slf4j-api:1.7.25 -> 1.7.30
|    |    |    |    +--- org.apache.logging.log4j:log4j-to-slf4j -> 2.12.1
|    |    |    |    |    +--- org.slf4j:slf4j-api:1.7.25 -> 1.7.30
|    |    |    |    |    \--- org.apache.logging.log4j:log4j-api:2.12.1
|    |    |    |    \--- org.slf4j:jul-to-slf4j -> 1.7.30
|    |    |    |         \--- org.slf4j:slf4j-api:1.7.30
|    |    |    +--- jakarta.annotation:jakarta.annotation-api -> 1.3.5
|    |    |    +--- org.springframework:spring-core -> 5.2.12.RELEASE (*)
|    |    |    \--- org.yaml:snakeyaml -> 1.25
|    |    +--- com.alibaba:druid-spring-boot-starter:1.2.2
|    |    |    +--- com.alibaba:druid:1.2.2
|    |    |    +--- org.slf4j:slf4j-api:1.7.25 -> 1.7.30
|    |    |    \--- org.springframework.boot:spring-boot-autoconfigure:1.5.12.RELEASE -> 2.3.1.RELEASE (*)
|    |    +--- com.github.penggle:kaptcha:2.3.2
|    |    |    +--- javax.servlet:javax.servlet-api:3.1.0 -> 4.0.1
|    |    |    \--- com.jhlabs:filters:2.0.235-1
|    |    +--- org.apache.shiro:shiro-core:1.7.0
|    |    |    +--- org.apache.shiro:shiro-lang:1.7.0
|    |    |    |    \--- org.slf4j:slf4j-api:1.7.26 -> 1.7.30
|    |    |    +--- org.apache.shiro:shiro-cache:1.7.0
|    |    |    |    \--- org.apache.shiro:shiro-lang:1.7.0 (*)
|    |    |    +--- org.apache.shiro:shiro-crypto-hash:1.7.0
|    |    |    |    +--- org.apache.shiro:shiro-lang:1.7.0 (*)
|    |    |    |    \--- org.apache.shiro:shiro-crypto-core:1.7.0
|    |    |    |         \--- org.apache.shiro:shiro-lang:1.7.0 (*)
|    |    |    +--- org.apache.shiro:shiro-crypto-cipher:1.7.0
|    |    |    |    +--- org.apache.shiro:shiro-lang:1.7.0 (*)
|    |    |    |    \--- org.apache.shiro:shiro-crypto-core:1.7.0 (*)
|    |    |    +--- org.apache.shiro:shiro-config-core:1.7.0
|    |    |    |    \--- org.apache.shiro:shiro-lang:1.7.0 (*)
|    |    |    +--- org.apache.shiro:shiro-config-ogdl:1.7.0
|    |    |    |    +--- org.apache.shiro:shiro-lang:1.7.0 (*)
|    |    |    |    +--- org.apache.shiro:shiro-config-core:1.7.0 (*)
|    |    |    |    +--- org.apache.shiro:shiro-event:1.7.0
|    |    |    |    |    \--- org.apache.shiro:shiro-lang:1.7.0 (*)
|    |    |    |    +--- commons-beanutils:commons-beanutils:1.9.4
|    |    |    |    |    \--- commons-collections:commons-collections:3.2.2
|    |    |    |    \--- org.slf4j:slf4j-api:1.7.26 -> 1.7.30
|    |    |    \--- org.apache.shiro:shiro-event:1.7.0 (*)
|    |    +--- org.apache.shiro:shiro-spring:1.7.0
|    |    |    +--- org.apache.shiro:shiro-core:1.7.0 (*)
|    |    |    \--- org.apache.shiro:shiro-web:1.7.0
|    |    |         +--- org.apache.shiro:shiro-core:1.7.0 (*)
|    |    |         \--- org.owasp.encoder:encoder:1.2.2
|    |    +--- org.apache.shiro:shiro-ehcache:1.7.0
|    |    |    +--- org.apache.shiro:shiro-cache:1.7.0 (*)
|    |    |    \--- net.sf.ehcache:ehcache-core:2.6.11
|    |    |         \--- org.slf4j:slf4j-api:1.6.1 -> 1.7.30
|    |    +--- com.github.theborakompanioni:thymeleaf-extras-shiro:2.0.0
|    |    +--- eu.bitwalker:UserAgentUtils:1.21
|    |    +--- com.github.pagehelper:pagehelper-spring-boot-starter:1.3.0
|    |    |    +--- org.springframework.boot:spring-boot-starter:2.3.1.RELEASE (*)
|    |    |    +--- org.mybatis.spring.boot:mybatis-spring-boot-starter:2.1.3
|    |    |    |    +--- org.springframework.boot:spring-boot-starter:2.3.0.RELEASE -> 2.3.1.RELEASE (*)
|    |    |    |    +--- org.springframework.boot:spring-boot-starter-jdbc:2.3.0.RELEASE
|    |    |    |    |    +--- org.springframework.boot:spring-boot-dependencies:2.3.0.RELEASE -> 2.2.12.RELEASE (*)
|    |    |    |    |    +--- org.springframework.boot:spring-boot-starter:2.3.0.RELEASE -> 2.3.1.RELEASE (*)
|    |    |    |    |    +--- com.zaxxer:HikariCP -> 3.4.5
|    |    |    |    |    |    \--- org.slf4j:slf4j-api:1.7.25 -> 1.7.30
|    |    |    |    |    \--- org.springframework:spring-jdbc -> 5.2.12.RELEASE
|    |    |    |    |         +--- org.springframework:spring-beans:5.2.12.RELEASE (*)
|    |    |    |    |         +--- org.springframework:spring-core:5.2.12.RELEASE (*)
|    |    |    |    |         \--- org.springframework:spring-tx:5.2.12.RELEASE
|    |    |    |    |              +--- org.springframework:spring-beans:5.2.12.RELEASE (*)
|    |    |    |    |              \--- org.springframework:spring-core:5.2.12.RELEASE (*)
|    |    |    |    +--- org.mybatis.spring.boot:mybatis-spring-boot-autoconfigure:2.1.3
|    |    |    |    |    \--- org.springframework.boot:spring-boot-autoconfigure:2.3.0.RELEASE -> 2.3.1.RELEASE (*)
|    |    |    |    +--- org.mybatis:mybatis:3.5.5
|    |    |    |    \--- org.mybatis:mybatis-spring:2.0.5
|    |    |    +--- com.github.pagehelper:pagehelper-spring-boot-autoconfigure:1.3.0
|    |    |    |    \--- org.springframework.boot:spring-boot-autoconfigure:2.3.1.RELEASE (*)
|    |    |    \--- com.github.pagehelper:pagehelper:5.2.0
|    |    |         \--- com.github.jsqlparser:jsqlparser:3.2
|    |    +--- com.github.oshi:oshi-core:5.3.6
|    |    |    +--- net.java.dev.jna:jna:5.6.0
|    |    |    +--- net.java.dev.jna:jna-platform:5.6.0
|    |    |    |    \--- net.java.dev.jna:jna:5.6.0
|    |    |    \--- org.slf4j:slf4j-api:1.7.30
|    |    +--- net.java.dev.jna:jna -> 5.6.0
|    |    +--- net.java.dev.jna:jna-platform -> 5.6.0 (*)
|    |    +--- commons-io:commons-io:2.5
|    |    +--- commons-fileupload:commons-fileupload:1.3.3
|    |    |    \--- commons-io:commons-io:2.2 -> 2.5
|    |    +--- org.apache.poi:poi-ooxml:4.1.2
|    |    |    +--- org.apache.poi:poi:4.1.2
|    |    |    |    +--- commons-codec:commons-codec:1.13
|    |    |    |    +--- org.apache.commons:commons-collections4:4.4
|    |    |    |    +--- org.apache.commons:commons-math3:3.6.1
|    |    |    |    \--- com.zaxxer:SparseBitSet:1.2
|    |    |    +--- org.apache.poi:poi-ooxml-schemas:4.1.2
|    |    |    |    \--- org.apache.xmlbeans:xmlbeans:3.1.0
|    |    |    +--- org.apache.commons:commons-compress:1.19
|    |    |    \--- com.github.virtuald:curvesapi:1.06
|    |    +--- org.apache.velocity:velocity:1.7
|    |    |    +--- commons-collections:commons-collections:3.2.1 -> 3.2.2
|    |    |    \--- commons-lang:commons-lang:2.4
|    |    +--- com.alibaba:fastjson:1.2.74
|    |    +--- io.springfox:springfox-swagger2:2.9.2
|    |    |    +--- io.springfox:springfox-spi:2.9.2
|    |    |    |    \--- io.springfox:springfox-core:2.9.2
|    |    |    |         +--- net.bytebuddy:byte-buddy:1.8.12 -> 1.10.18
|    |    |    |         +--- com.google.guava:guava:20.0
|    |    |    |         +--- com.fasterxml:classmate:1.4.0 -> 1.5.1
|    |    |    |         +--- org.slf4j:slf4j-api:1.7.25 -> 1.7.30
|    |    |    |         +--- org.springframework.plugin:spring-plugin-core:1.2.0.RELEASE
|    |    |    |         |    +--- org.springframework:spring-beans:4.0.9.RELEASE -> 5.2.12.RELEASE (*)
|    |    |    |         |    +--- org.springframework:spring-context:4.0.9.RELEASE -> 5.2.12.RELEASE (*)
|    |    |    |         |    +--- org.springframework:spring-aop:4.0.9.RELEASE -> 5.2.12.RELEASE (*)
|    |    |    |         |    \--- org.slf4j:slf4j-api:1.7.10 -> 1.7.30
|    |    |    |         \--- org.springframework.plugin:spring-plugin-metadata:1.2.0.RELEASE
|    |    |    |              +--- org.springframework.plugin:spring-plugin-core:1.2.0.RELEASE (*)
|    |    |    |              \--- org.slf4j:slf4j-api:1.7.10 -> 1.7.30
|    |    |    +--- io.springfox:springfox-schema:2.9.2
|    |    |    |    +--- io.springfox:springfox-core:2.9.2 (*)
|    |    |    |    \--- io.springfox:springfox-spi:2.9.2 (*)
|    |    |    +--- io.springfox:springfox-swagger-common:2.9.2
|    |    |    |    +--- io.springfox:springfox-spi:2.9.2 (*)
|    |    |    |    +--- io.springfox:springfox-schema:2.9.2 (*)
|    |    |    |    +--- io.springfox:springfox-spring-web:2.9.2
|    |    |    |    |    +--- com.google.guava:guava:20.0
|    |    |    |    |    +--- com.fasterxml:classmate:1.4.0 -> 1.5.1
|    |    |    |    |    +--- org.slf4j:slf4j-api:1.7.25 -> 1.7.30
|    |    |    |    |    +--- org.springframework.plugin:spring-plugin-core:1.2.0.RELEASE (*)
|    |    |    |    |    +--- org.springframework.plugin:spring-plugin-metadata:1.2.0.RELEASE (*)
|    |    |    |    |    \--- io.springfox:springfox-spi:2.9.2 (*)
|    |    |    |    +--- com.google.guava:guava:20.0
|    |    |    |    +--- com.fasterxml:classmate:1.4.0 -> 1.5.1
|    |    |    |    +--- org.slf4j:slf4j-api:1.7.25 -> 1.7.30
|    |    |    |    +--- org.springframework.plugin:spring-plugin-core:1.2.0.RELEASE (*)
|    |    |    |    \--- org.springframework.plugin:spring-plugin-metadata:1.2.0.RELEASE (*)
|    |    |    +--- io.springfox:springfox-spring-web:2.9.2 (*)
|    |    |    +--- com.google.guava:guava:20.0
|    |    |    +--- com.fasterxml:classmate:1.4.0 -> 1.5.1
|    |    |    +--- org.slf4j:slf4j-api:1.7.25 -> 1.7.30
|    |    |    +--- org.springframework.plugin:spring-plugin-core:1.2.0.RELEASE (*)
|    |    |    +--- org.springframework.plugin:spring-plugin-metadata:1.2.0.RELEASE (*)
|    |    |    \--- org.mapstruct:mapstruct:1.2.0.Final
|    |    +--- io.springfox:springfox-swagger-ui:2.9.2
|    |    |    \--- io.springfox:springfox-spring-web:2.9.2 (*)
|    |    +--- org.apache.commons:commons-lang3 -> 3.9
|    |    +--- org.springframework:spring-context-support -> 5.2.12.RELEASE
|    |    |    +--- org.springframework:spring-beans:5.2.12.RELEASE (*)
|    |    |    +--- org.springframework:spring-context:5.2.12.RELEASE (*)
|    |    |    \--- org.springframework:spring-core:5.2.12.RELEASE (*)
|    |    +--- org.springframework:spring-web -> 5.2.12.RELEASE
|    |    |    +--- org.springframework:spring-beans:5.2.12.RELEASE (*)
|    |    |    \--- org.springframework:spring-core:5.2.12.RELEASE (*)
|    |    +--- org.apache.shiro:shiro-core -> 1.7.0 (*)
|    |    +--- org.apache.shiro:shiro-ehcache -> 1.7.0 (*)
|    |    +--- com.github.pagehelper:pagehelper-spring-boot-starter -> 1.3.0 (*)
|    |    +--- javax.validation:validation-api -> 2.0.1.Final
|    |    +--- com.fasterxml.jackson.core:jackson-databind -> 2.10.5.1
|    |    |    +--- com.fasterxml.jackson.core:jackson-annotations:2.10.5
|    |    |    \--- com.fasterxml.jackson.core:jackson-core:2.10.5
|    |    +--- com.alibaba:fastjson -> 1.2.74
|    |    +--- commons-io:commons-io -> 2.5
|    |    +--- commons-fileupload:commons-fileupload -> 1.3.3 (*)
|    |    +--- org.apache.poi:poi-ooxml -> 4.1.2 (*)
|    |    +--- org.yaml:snakeyaml -> 1.25
|    |    +--- javax.servlet:javax.servlet-api -> 4.0.1
|    |    \--- org.springframework.boot:spring-boot-dependencies:2.2.12.RELEASE (c)
|    +--- org.springframework.boot:spring-boot-dependencies -> 2.2.12.RELEASE (*)
|    +--- org.springframework.boot:spring-boot-starter -> 2.3.1.RELEASE (*)
|    +--- com.alibaba:druid-spring-boot-starter:1.2.2 (*)
|    +--- com.github.penggle:kaptcha:2.3.2 (*)
|    +--- org.apache.shiro:shiro-core:1.7.0 (*)
|    +--- org.apache.shiro:shiro-spring:1.7.0 (*)
|    +--- org.apache.shiro:shiro-ehcache:1.7.0 (*)
|    +--- com.github.theborakompanioni:thymeleaf-extras-shiro:2.0.0
|    +--- eu.bitwalker:UserAgentUtils:1.21
|    +--- com.github.pagehelper:pagehelper-spring-boot-starter:1.3.0 (*)
|    +--- com.github.oshi:oshi-core:5.3.6 (*)
|    +--- net.java.dev.jna:jna -> 5.6.0
|    +--- net.java.dev.jna:jna-platform -> 5.6.0 (*)
|    +--- commons-io:commons-io:2.5
|    +--- commons-fileupload:commons-fileupload:1.3.3 (*)
|    +--- org.apache.poi:poi-ooxml:4.1.2 (*)
|    +--- org.apache.velocity:velocity:1.7 (*)
|    +--- com.alibaba:fastjson:1.2.74
|    +--- io.springfox:springfox-swagger2:2.9.2 (*)
|    +--- io.springfox:springfox-swagger-ui:2.9.2 (*)
|    +--- org.apache.commons:commons-lang3 -> 3.9
|    +--- javax.validation:validation-api -> 2.0.1.Final
|    +--- com.fasterxml.jackson.core:jackson-databind -> 2.10.5.1 (*)
|    \--- org.springframework.boot:spring-boot-dependencies:2.2.12.RELEASE (c)
+--- org.springframework.boot:spring-boot-dependencies -> 2.2.12.RELEASE (*)
+--- org.springframework.boot:spring-boot-starter -> 2.3.1.RELEASE (*)
+--- com.alibaba:druid-spring-boot-starter:1.2.2 (*)
+--- com.github.penggle:kaptcha:2.3.2 (*)
+--- org.apache.shiro:shiro-core:1.7.0 (*)
+--- org.apache.shiro:shiro-spring:1.7.0 (*)
+--- org.apache.shiro:shiro-ehcache:1.7.0 (*)
+--- com.github.theborakompanioni:thymeleaf-extras-shiro:2.0.0
+--- eu.bitwalker:UserAgentUtils:1.21
+--- com.github.pagehelper:pagehelper-spring-boot-starter:1.3.0 (*)
+--- com.github.oshi:oshi-core:5.3.6 (*)
+--- net.java.dev.jna:jna -> 5.6.0
+--- net.java.dev.jna:jna-platform -> 5.6.0 (*)
+--- commons-io:commons-io:2.5
+--- commons-fileupload:commons-fileupload:1.3.3 (*)
+--- org.apache.poi:poi-ooxml:4.1.2 (*)
+--- org.apache.velocity:velocity:1.7 (*)
+--- com.alibaba:fastjson:1.2.74
+--- io.springfox:springfox-swagger2:2.9.2 (*)
+--- io.springfox:springfox-swagger-ui:2.9.2 (*)
+--- org.apache.commons:commons-lang3 -> 3.9
+--- org.springframework.boot:spring-boot-starter-web -> 2.2.12.RELEASE
|    +--- org.springframework.boot:spring-boot-starter:2.2.12.RELEASE -> 2.3.1.RELEASE (*)
|    +--- org.springframework.boot:spring-boot-starter-json:2.2.12.RELEASE
|    |    +--- org.springframework.boot:spring-boot-starter:2.2.12.RELEASE -> 2.3.1.RELEASE (*)
|    |    +--- org.springframework:spring-web:5.2.12.RELEASE (*)
|    |    +--- com.fasterxml.jackson.core:jackson-databind:2.10.5.1 (*)
|    |    +--- com.fasterxml.jackson.datatype:jackson-datatype-jdk8:2.10.5
|    |    |    +--- com.fasterxml.jackson.core:jackson-core:2.10.5
|    |    |    \--- com.fasterxml.jackson.core:jackson-databind:2.10.5 -> 2.10.5.1 (*)
|    |    +--- com.fasterxml.jackson.datatype:jackson-datatype-jsr310:2.10.5
|    |    |    +--- com.fasterxml.jackson.core:jackson-annotations:2.10.5
|    |    |    +--- com.fasterxml.jackson.core:jackson-core:2.10.5
|    |    |    \--- com.fasterxml.jackson.core:jackson-databind:2.10.5 -> 2.10.5.1 (*)
|    |    \--- com.fasterxml.jackson.module:jackson-module-parameter-names:2.10.5
|    |         +--- com.fasterxml.jackson.core:jackson-core:2.10.5
|    |         \--- com.fasterxml.jackson.core:jackson-databind:2.10.5 -> 2.10.5.1 (*)
|    +--- org.springframework.boot:spring-boot-starter-tomcat:2.2.12.RELEASE
|    |    +--- jakarta.annotation:jakarta.annotation-api:1.3.5
|    |    +--- org.apache.tomcat.embed:tomcat-embed-core:9.0.41
|    |    |    \--- org.apache.tomcat:tomcat-annotations-api:9.0.41
|    |    +--- org.apache.tomcat.embed:tomcat-embed-el:9.0.41
|    |    \--- org.apache.tomcat.embed:tomcat-embed-websocket:9.0.41
|    |         \--- org.apache.tomcat.embed:tomcat-embed-core:9.0.41 (*)
|    +--- org.springframework.boot:spring-boot-starter-validation:2.2.12.RELEASE
|    |    +--- org.springframework.boot:spring-boot-starter:2.2.12.RELEASE -> 2.3.1.RELEASE (*)
|    |    +--- jakarta.validation:jakarta.validation-api:2.0.2
|    |    \--- org.hibernate.validator:hibernate-validator:6.0.21.Final
|    |         +--- org.jboss.logging:jboss-logging:3.3.2.Final -> 3.4.1.Final
|    |         \--- com.fasterxml:classmate:1.3.4 -> 1.5.1
|    +--- org.springframework:spring-web:5.2.12.RELEASE (*)
|    \--- org.springframework:spring-webmvc:5.2.12.RELEASE
|         +--- org.springframework:spring-aop:5.2.12.RELEASE (*)
|         +--- org.springframework:spring-beans:5.2.12.RELEASE (*)
|         +--- org.springframework:spring-context:5.2.12.RELEASE (*)
|         +--- org.springframework:spring-core:5.2.12.RELEASE (*)
|         +--- org.springframework:spring-expression:5.2.12.RELEASE (*)
|         \--- org.springframework:spring-web:5.2.12.RELEASE (*)
+--- org.springframework.boot:spring-boot-starter-aop -> 2.2.12.RELEASE
|    +--- org.springframework.boot:spring-boot-starter:2.2.12.RELEASE -> 2.3.1.RELEASE (*)
|    +--- org.springframework:spring-aop:5.2.12.RELEASE (*)
|    \--- org.aspectj:aspectjweaver:1.9.6
+--- com.alibaba:druid-spring-boot-starter -> 1.2.2 (*)
+--- com.github.penggle:kaptcha -> 2.3.2 (*)
+--- org.apache.shiro:shiro-spring -> 1.7.0 (*)
+--- com.github.theborakompanioni:thymeleaf-extras-shiro -> 2.0.0
+--- eu.bitwalker:UserAgentUtils -> 1.21
+--- com.github.oshi:oshi-core -> 5.3.6 (*)
\--- org.springframework.boot:spring-boot-dependencies:2.2.12.RELEASE (c)

testRuntimeOnly - Runtime only dependencies for source set 'test'. (n)
No dependencies

(c) - dependency constraint
(*) - dependencies omitted (listed previously)

(n) - Not resolved (configuration is not meant to be resolved)

A web-based, searchable dependency report is available by adding the --scan option.

Deprecated Gradle features were used in this build, making it incompatible with Gradle 7.0.
Use '--warning-mode all' to show the individual deprecation warnings.
See https://docs.gradle.org/6.3/userguide/command_line_interface.html#sec:command_line_warnings

BUILD SUCCESSFUL in 9s
1 actionable task: 1 executed
